"../../../../../../Users/Admin/Documents/Unreal Projects/ActionRPG/Content/Maps/TestMaps.uasset" 0
"../../../../../../Users/Admin/Documents/Unreal Projects/ActionRPG/Content/Maps/TestMap/TestMaps_BuiltData.uasset" 1
"../../../../../../Users/Admin/Documents/Unreal Projects/ActionRPG/Content/Maps/TestMaps_BuiltData.uasset" 2
"../../../Engine/Content/Animation/DefaultAnimBoneCompressionSettings.uasset" 3
"../../../../../../Users/Admin/Documents/Unreal Projects/ActionRPG/Content/CharModels/CharModelWithColor/CharWithColor_Skeleton.uasset" 4
"../../../../../../Users/Admin/Documents/Unreal Projects/ActionRPG/Content/CharModels/CharModelWithColor/Anim/Dying_Backwards__1_.uasset" 5
"../../../../../../Users/Admin/Documents/Unreal Projects/ActionRPG/Content/CharModels/CharModelWithColor/Anim/Jump.uasset" 6
"../../../../../../Users/Admin/Documents/Unreal Projects/ActionRPG/Content/CharModels/CharModelWithColor/Anim/Standing_Melee_Attack_Downward__1_.uasset" 7
"../../../../../../Users/Admin/Documents/Unreal Projects/ActionRPG/Content/CharModels/CharModelWithColor/Anim/Floating__1_.uasset" 8
"../../../../../../Users/Admin/Documents/Unreal Projects/ActionRPG/Content/CharModels/CharModelWithColor/Anim/Jumping_Up__1_.uasset" 9
"../../../../../../Users/Admin/Documents/Unreal Projects/ActionRPG/Content/CharModels/CharModelWithColor/Anim/Breathing_Idle_Anim.uasset" 10
"../../../../../../Users/Admin/Documents/Unreal Projects/ActionRPG/Content/CharModels/CharModelWithColor/Anim/Running__1_.uasset" 11
"../../../../../../Users/Admin/Documents/Unreal Projects/ActionRPG/Content/CharModels/CharModelWithColor/Anim/Blend_Running.uasset" 12
"../../../../../../Users/Admin/Documents/Unreal Projects/ActionRPG/Content/CharModels/CharModelWithColor/CharWirhColor_BP_Anim.uasset" 13
"../../../../../../Users/Admin/Documents/Unreal Projects/ActionRPG/Content/CharModels/CharModelWithColor/Anim/Attack_Montage.uasset" 14
"../../../../../../Users/Admin/Documents/Unreal Projects/ActionRPG/Content/CharModels/CharModelWithColor/Anim/Head_Hit__1_.uasset" 15
"../../../../../../Users/Admin/Documents/Unreal Projects/ActionRPG/Content/CharModels/CharModelWithColor/Anim/PlayerHit_Montage.uasset" 16
"../../../Engine/Content/EditorBlueprintResources/StandardMacros.uasset" 17
"../../../../../../Users/Admin/Documents/Unreal Projects/ActionRPG/Content/Mechanics/InventorySystem/Interact_Interface.uasset" 18
"../../../../../../Users/Admin/Documents/Unreal Projects/ActionRPG/Content/Mechanics/CharacterGUI/CharStats.uasset" 19
"../../../../../../Users/Admin/Documents/Unreal Projects/ActionRPG/Content/Mechanics/GameStateUI/Pause_Menu_Widget.uasset" 20
"../../../../../../Users/Admin/Documents/Unreal Projects/ActionRPG/Content/Mechanics/InventorySystem/InventoryUI/HUD.uasset" 21
"../../../../../../Users/Admin/Documents/Unreal Projects/ActionRPG/Content/ThirdPersonBP/MyPlayerController.uasset" 22
"../../../../../../Users/Admin/Documents/Unreal Projects/ActionRPG/Content/Mechanics/InventorySystem/InventoryUI/InventoryToolltip.uasset" 23
"../../../../../../Users/Admin/Documents/Unreal Projects/ActionRPG/Content/Mechanics/InventorySystem/ItemStructure.uasset" 24
"../../../../../../Users/Admin/Documents/Unreal Projects/ActionRPG/Content/Mechanics/InventorySystem/SlotStructure.uasset" 25
"../../../../../../Users/Admin/Documents/Unreal Projects/ActionRPG/Content/Mechanics/InventorySystem/InventoryUI/InvenotrySlot.uasset" 26
"../../../../../../Users/Admin/Documents/Unreal Projects/ActionRPG/Content/Mechanics/InventorySystem/InventoryUI/InventoryWindow.uasset" 27
"../../../../../../Users/Admin/Documents/Unreal Projects/ActionRPG/Content/Mechanics/InventorySystem/InventoryComponent.uasset" 28
"../../../../../../Users/Admin/Documents/Unreal Projects/ActionRPG/Content/Data/Items/Item.uasset" 29
"../../../../../../Users/Admin/Documents/Unreal Projects/ActionRPG/Content/Data/Items/ItemsIcon/herb.uasset" 30
"../../../../../../Users/Admin/Documents/Unreal Projects/ActionRPG/Content/SomeOtherStuff/StarterContent/Textures/T_Bush_D.uasset" 31
"../../../../../../Users/Admin/Documents/Unreal Projects/ActionRPG/Content/SomeOtherStuff/StarterContent/Textures/T_Bush_N.uasset" 32
"../../../../../../Users/Admin/Documents/Unreal Projects/ActionRPG/Content/SomeOtherStuff/StarterContent/Props/Materials/M_Bush.uasset" 33
"../../../../../../Users/Admin/Documents/Unreal Projects/ActionRPG/Content/SomeOtherStuff/StarterContent/Props/SM_Bush.uasset" 34
"../../../../../../Users/Admin/Documents/Unreal Projects/ActionRPG/Content/Data/Items/Item_Herb.uasset" 35
"../../../../../../Users/Admin/Documents/Unreal Projects/ActionRPG/Content/ThirdPersonBP/Blueprints/I_PlayerCharracter.uasset" 36
"../../../../../../Users/Admin/Documents/Unreal Projects/ActionRPG/Content/Data/Items/Weapon/BP_WeaponBase.uasset" 37
"../../../../../../Users/Admin/Documents/Unreal Projects/ActionRPG/Content/Data/ArmourType.uasset" 38
"../../../../../../Users/Admin/Documents/Unreal Projects/ActionRPG/Content/Data/Rarirty.uasset" 39
"../../../../../../Users/Admin/Documents/Unreal Projects/ActionRPG/Content/Data/ArmourData.uasset" 40
"../../../../../../Users/Admin/Documents/Unreal Projects/ActionRPG/Content/Data/WeaponType.uasset" 41
"../../../../../../Users/Admin/Documents/Unreal Projects/ActionRPG/Content/Data/WeaponData.uasset" 42
"../../../../../../Users/Admin/Documents/Unreal Projects/ActionRPG/Content/Mechanics/CharacterSheet/3DMeshCaputre/MeshRenderTarget.uasset" 43
"../../../../../../Users/Admin/Documents/Unreal Projects/ActionRPG/Content/Mechanics/CharacterSheet/3DMeshCaputre/MeshRenderTarget_Mat.uasset" 44
"../../../../../../Users/Admin/Documents/Unreal Projects/ActionRPG/Content/Mechanics/CharacterSheet/Graphics/BorderItemActionRpg.uasset" 45
"../../../../../../Users/Admin/Documents/Unreal Projects/ActionRPG/Content/Mechanics/CharacterSheet/Graphics/Common_Border.uasset" 46
"../../../../../../Users/Admin/Documents/Unreal Projects/ActionRPG/Content/Mechanics/CharacterSheet/Graphics/Epic_Border.uasset" 47
"../../../../../../Users/Admin/Documents/Unreal Projects/ActionRPG/Content/Mechanics/CharacterSheet/Graphics/Legendary_Border.uasset" 48
"../../../../../../Users/Admin/Documents/Unreal Projects/ActionRPG/Content/Mechanics/CharacterSheet/Graphics/Rare_Border.uasset" 49
"../../../../../../Users/Admin/Documents/Unreal Projects/ActionRPG/Content/Mechanics/CharacterSheet/CharSheetSlotInventoryContent.uasset" 50
"../../../../../../Users/Admin/Documents/Unreal Projects/ActionRPG/Content/Mechanics/CharacterSheet/CharSheetSlotInvenotry.uasset" 51
"../../../../../../Users/Admin/Documents/Unreal Projects/ActionRPG/Content/Mechanics/CharacterSheet/ArmourSlot.uasset" 52
"../../../../../../Users/Admin/Documents/Unreal Projects/ActionRPG/Content/Mechanics/CharacterSheet/CharacterSheet.uasset" 53
"../../../../../../Users/Admin/Documents/Unreal Projects/ActionRPG/Content/Mechanics/CharacterSheet/CharacterSheetComponent.uasset" 54
"../../../../../../Users/Admin/Documents/Unreal Projects/ActionRPG/Content/Mechanics/CharacterSheet/Graphics/icon_chain_breast.uasset" 55
"../../../../../../Users/Admin/Documents/Unreal Projects/ActionRPG/Content/Mechanics/CharacterSheet/Graphics/icon_chain_helm.uasset" 56
"../../../../../../Users/Admin/Documents/Unreal Projects/ActionRPG/Content/Mechanics/CharacterSheet/Graphics/leather_boot.uasset" 57
"../../../../../../Users/Admin/Documents/Unreal Projects/ActionRPG/Content/Data/EquipmentCSV.uasset" 58
"../../../../../../Users/Admin/Documents/Unreal Projects/ActionRPG/Content/CharModels/CharModelWithColor/paletLowPol.uasset" 59
"../../../../../../Users/Admin/Documents/Unreal Projects/ActionRPG/Content/CharModels/CharModelWithColor/Material.uasset" 60
"../../../../../../Users/Admin/Documents/Unreal Projects/ActionRPG/Content/CharModels/CharModelWithColor/CharWithColor_PhysicsAsset.uasset" 61
"../../../../../../Users/Admin/Documents/Unreal Projects/ActionRPG/Content/CharModels/CharModelWithColor/CharWithColor.uasset" 62
"../../../../../../Users/Admin/Documents/Unreal Projects/ActionRPG/Content/Mechanics/GameStateUI/GameOver_Widget.uasset" 63
"../../../../../../Users/Admin/Documents/Unreal Projects/ActionRPG/Content/ThirdPersonBP/Blueprints/ThirdPersonCharacter.uasset" 64
"../../../../../../Users/Admin/Documents/Unreal Projects/ActionRPG/Content/CharModels/CharModelWithColor/DoDamage_Notify.uasset" 65
"../../../../../../Users/Admin/Documents/Unreal Projects/ActionRPG/Content/CharModels/CharModelWithColor/Anim/MeleeAttack.uasset" 66
"../../../../../../Users/Admin/Documents/Unreal Projects/ActionRPG/Content/CharModels/CharModelWithColor/Anim/Walking__1_.uasset" 67
"../../../../../../Users/Admin/Documents/Unreal Projects/ActionRPG/Content/CharModels/MyChar/MyChar_Skeleton.uasset" 68
"../../../../../../Users/Admin/Documents/Unreal Projects/ActionRPG/Content/CharModels/MyChar/Dying_Backwards.uasset" 69
"../../../../../../Users/Admin/Documents/Unreal Projects/ActionRPG/Content/CharModels/MyChar/Head_Hit.uasset" 70
"../../../../../../Users/Admin/Documents/Unreal Projects/ActionRPG/Content/CharModels/MyChar/Jumping.uasset" 71
"../../../../../../Users/Admin/Documents/Unreal Projects/ActionRPG/Content/CharModels/MyChar/Floating.uasset" 72
"../../../../../../Users/Admin/Documents/Unreal Projects/ActionRPG/Content/CharModels/MyChar/Jumping_Up.uasset" 73
"../../../../../../Users/Admin/Documents/Unreal Projects/ActionRPG/Content/CharModels/MyChar/Idle.uasset" 74
"../../../../../../Users/Admin/Documents/Unreal Projects/ActionRPG/Content/CharModels/MyChar/Running_Better.uasset" 75
"../../../../../../Users/Admin/Documents/Unreal Projects/ActionRPG/Content/CharModels/MyChar/Walking.uasset" 76
"../../../../../../Users/Admin/Documents/Unreal Projects/ActionRPG/Content/CharModels/MyChar/BlendSpace_Char.uasset" 77
"../../../../../../Users/Admin/Documents/Unreal Projects/ActionRPG/Content/CharModels/MyChar/MyChar_Anim_BP.uasset" 78
"../../../../../../Users/Admin/Documents/Unreal Projects/ActionRPG/Content/CharModels/MyChar/MyChar_Phhysci_Assets.uasset" 79
"../../../../../../Users/Admin/Documents/Unreal Projects/ActionRPG/Content/CharModels/MyChar/MyChar_Skieleton_Mesh.uasset" 80
"../../../../../../Users/Admin/Documents/Unreal Projects/ActionRPG/Content/CharModels/MyChar/Running.uasset" 81
"../../../../../../Users/Admin/Documents/Unreal Projects/ActionRPG/Content/CharModels/MyChar/Standing_Melee_Attack_Downward_Anim.uasset" 82
"../../../../../../Users/Admin/Documents/Unreal Projects/ActionRPG/Content/CharModels/MyChar/Standing_Melee_Attack_Downward_Montage.uasset" 83
"../../../../../../Users/Admin/Documents/Unreal Projects/ActionRPG/Content/CharModels/PumpkinHead/BB/PatrolPath.uasset" 84
"../../../../../../Users/Admin/Documents/Unreal Projects/ActionRPG/Content/CharModels/PumpkinHead/PatrolPath.uasset" 85
"../../../../../../Users/Admin/Documents/Unreal Projects/ActionRPG/Content/CharModels/PumpkinHead/CombatInterface.uasset" 86
"../../../../../../Users/Admin/Documents/Unreal Projects/ActionRPG/Content/CharModels/PumpkinHead/BB/Death.uasset" 87
"../../../../../../Users/Admin/Documents/Unreal Projects/ActionRPG/Content/CharModels/PumpkinHead/BB/OnReciveDmg.uasset" 88
"../../../../../../Users/Admin/Documents/Unreal Projects/ActionRPG/Content/CharModels/PumpkinQueen/Mesh/paletLowPol.uasset" 89
"../../../../../../Users/Admin/Documents/Unreal Projects/ActionRPG/Content/CharModels/PumpkinQueen/Mesh/Material_001.uasset" 90
"../../../../../../Users/Admin/Documents/Unreal Projects/ActionRPG/Content/CharModels/PumpkinQueen/Mesh/PumpkinQueen_PhysicsAsset.uasset" 91
"../../../../../../Users/Admin/Documents/Unreal Projects/ActionRPG/Content/CharModels/PumpkinQueen/Mesh/PumpkinQueen_Skeleton.uasset" 92
"../../../../../../Users/Admin/Documents/Unreal Projects/ActionRPG/Content/CharModels/PumpkinQueen/Mesh/PumpkinQueen.uasset" 93
"../../../../../../Users/Admin/Documents/Unreal Projects/ActionRPG/Content/CharModels/PumpkinQueen/PumpkinQueen.uasset" 94
"../../../../../../Users/Admin/Documents/Unreal Projects/ActionRPG/Content/CharModels/PumpkinQueen/Anim/PumpkinQueen_Idlee_Anim.uasset" 95
"../../../../../../Users/Admin/Documents/Unreal Projects/ActionRPG/Content/CharModels/PumpkinQueen/PumpkinQueen_Anim.uasset" 96
"../../../../../../Users/Admin/Documents/Unreal Projects/ActionRPG/Content/Mechanics/CharacterSheet/WeaponSlot.uasset" 97
"../../../Engine/Content/EngineMaterials/BaseFlattenDiffuseMap.uasset" 98
"../../../Engine/Content/EngineMaterials/BaseFlattenEmissiveMap.uasset" 99
"../../../Engine/Content/EngineMaterials/BaseFlattenGrayscaleMap.uasset" 100
"../../../Engine/Content/EngineMaterials/BaseFlattenNormalMap.uasset" 101
"../../../Engine/Content/EngineMaterials/NewBaseFlattenMaterial.uasset" 102
"../../../../../../Users/Admin/Documents/Unreal Projects/ActionRPG/Content/Models/M_WallWithGate_Material_6D84412749D041B4841D59AEB05F7F2C.uasset" 103
"../../../../../../Users/Admin/Documents/Unreal Projects/ActionRPG/Content/Models/paletLowPol.uasset" 104
"../../../../../../Users/Admin/Documents/Unreal Projects/ActionRPG/Content/Models/Material.uasset" 105
"../../../../../../Users/Admin/Documents/Unreal Projects/ActionRPG/Content/Models/Tower.uasset" 106
"../../../../../../Users/Admin/Documents/Unreal Projects/ActionRPG/Content/Models/WallWithGate.uasset" 107
"../../../../../../Users/Admin/Documents/Unreal Projects/ActionRPG/Content/SomeOtherStuff/Geometry/Meshes/CubeMaterial.uasset" 108
"../../../../../../Users/Admin/Documents/Unreal Projects/ActionRPG/Content/SomeOtherStuff/Geometry/Meshes/1M_Cube_Chamfer.uasset" 109
"../../../../../../Users/Admin/Documents/Unreal Projects/ActionRPG/Content/SomeOtherStuff/Geometry/Meshes/TemplateFloor.uasset" 110
"../../../../../../Users/Admin/Documents/Unreal Projects/ActionRPG/Content/SomeOtherStuff/Mannequin/Character/Mesh/UE4_Mannequin_Skeleton.uasset" 111
"../../../../../../Users/Admin/Documents/Unreal Projects/ActionRPG/Content/SomeOtherStuff/Mannequin/Animations/ThirdPersonJump_End.uasset" 112
"../../../Engine/Content/Functions/Engine_MaterialFunctions02/Utility/BlendAngleCorrectedNormals.uasset" 113
"../../../Engine/Content/Functions/MaterialLayerFunctions/MatLayerBlend_NormalBlend.uasset" 114
"../../../Engine/Content/Functions/MaterialLayerFunctions/MatLayerBlend_Simple.uasset" 115
"../../../../../../Users/Admin/Documents/Unreal Projects/ActionRPG/Content/SomeOtherStuff/Mannequin/Character/Materials/MaterialLayers/T_ML_Rubber_Blue_01_D.uasset" 116
"../../../../../../Users/Admin/Documents/Unreal Projects/ActionRPG/Content/SomeOtherStuff/Mannequin/Character/Materials/MaterialLayers/T_ML_Rubber_Blue_01_N.uasset" 117
"../../../../../../Users/Admin/Documents/Unreal Projects/ActionRPG/Content/SomeOtherStuff/Mannequin/Character/Materials/MaterialLayers/ML_GlossyBlack_Latex_UE4.uasset" 118
"../../../../../../Users/Admin/Documents/Unreal Projects/ActionRPG/Content/SomeOtherStuff/Mannequin/Character/Materials/MaterialLayers/ML_Plastic_Shiny_Beige.uasset" 119
"../../../../../../Users/Admin/Documents/Unreal Projects/ActionRPG/Content/SomeOtherStuff/Mannequin/Character/Textures/UE4_LOGO_CARD.uasset" 120
"../../../../../../Users/Admin/Documents/Unreal Projects/ActionRPG/Content/SomeOtherStuff/Mannequin/Character/Materials/MaterialLayers/ML_Plastic_Shiny_Beige_LOGO.uasset" 121
"../../../../../../Users/Admin/Documents/Unreal Projects/ActionRPG/Content/SomeOtherStuff/Mannequin/Character/Materials/MaterialLayers/T_ML_Aluminum01.uasset" 122
"../../../../../../Users/Admin/Documents/Unreal Projects/ActionRPG/Content/SomeOtherStuff/Mannequin/Character/Materials/MaterialLayers/T_ML_Aluminum01_N.uasset" 123
"../../../../../../Users/Admin/Documents/Unreal Projects/ActionRPG/Content/SomeOtherStuff/Mannequin/Character/Materials/MaterialLayers/ML_SoftMetal_UE4.uasset" 124
"../../../../../../Users/Admin/Documents/Unreal Projects/ActionRPG/Content/SomeOtherStuff/Mannequin/Character/Textures/UE4_Mannequin__normals.uasset" 125
"../../../../../../Users/Admin/Documents/Unreal Projects/ActionRPG/Content/SomeOtherStuff/Mannequin/Character/Textures/UE4_Mannequin_MAT_MASKA.uasset" 126
"../../../../../../Users/Admin/Documents/Unreal Projects/ActionRPG/Content/SomeOtherStuff/Mannequin/Character/Materials/M_UE4Man_Body.uasset" 127
"../../../../../../Users/Admin/Documents/Unreal Projects/ActionRPG/Content/SomeOtherStuff/Mannequin/Character/Textures/UE4Man_Logo_N.uasset" 128
"../../../../../../Users/Admin/Documents/Unreal Projects/ActionRPG/Content/SomeOtherStuff/Mannequin/Character/Materials/M_UE4Man_ChestLogo.uasset" 129
"../../../../../../Users/Admin/Documents/Unreal Projects/ActionRPG/Content/SomeOtherStuff/Mannequin/Character/Mesh/SK_Mannequin_PhysicsAsset.uasset" 130
"../../../../../../Users/Admin/Documents/Unreal Projects/ActionRPG/Content/SomeOtherStuff/Mannequin/Character/Mesh/SK_Mannequin.uasset" 131
"../../../../../../Users/Admin/Documents/Unreal Projects/ActionRPG/Content/SomeOtherStuff/StarterContent/Materials/M_Basic_Wall.uasset" 132
"../../../../../../Users/Admin/Documents/Unreal Projects/ActionRPG/Content/SomeOtherStuff/StarterContent/Architecture/Pillar_50x500.uasset" 133
"../../../../../../Users/Admin/Documents/Unreal Projects/ActionRPG/Content/SomeOtherStuff/StarterContent/Architecture/Wall_400x300.uasset" 134
"../../../../../../Users/Admin/Documents/Unreal Projects/ActionRPG/Content/SomeOtherStuff/StarterContent/Architecture/Wall_400x400.uasset" 135
"../../../../../../Users/Admin/Documents/Unreal Projects/ActionRPG/Content/SomeOtherStuff/StarterContent/Architecture/Wall_500x500.uasset" 136
"../../../../../../Users/Admin/Documents/Unreal Projects/ActionRPG/Content/SomeOtherStuff/StarterContent/Architecture/Wall_Door_400x400.uasset" 137
"../../../../../../Users/Admin/Documents/Unreal Projects/ActionRPG/Content/SomeOtherStuff/StarterContent/Architecture/Wall_Window_400x400.uasset" 138
"../../../../../../Users/Admin/Documents/Unreal Projects/ActionRPG/Content/SomeOtherStuff/StarterContent/Audio/Collapse01.uasset" 139
"../../../../../../Users/Admin/Documents/Unreal Projects/ActionRPG/Content/SomeOtherStuff/StarterContent/Audio/Collapse02.uasset" 140
"../../../../../../Users/Admin/Documents/Unreal Projects/ActionRPG/Content/SomeOtherStuff/StarterContent/Audio/Explosion01.uasset" 141
"../../../../../../Users/Admin/Documents/Unreal Projects/ActionRPG/Content/SomeOtherStuff/StarterContent/Audio/Explosion02.uasset" 142
"../../../../../../Users/Admin/Documents/Unreal Projects/ActionRPG/Content/SomeOtherStuff/StarterContent/Audio/Light01.uasset" 143
"../../../../../../Users/Admin/Documents/Unreal Projects/ActionRPG/Content/SomeOtherStuff/StarterContent/Audio/Light01_Cue.uasset" 144
"../../../../../../Users/Admin/Documents/Unreal Projects/ActionRPG/Content/SomeOtherStuff/StarterContent/Audio/Light02.uasset" 145
"../../../../../../Users/Admin/Documents/Unreal Projects/ActionRPG/Content/SomeOtherStuff/StarterContent/Audio/Light02_Cue.uasset" 146
"../../../../../../Users/Admin/Documents/Unreal Projects/ActionRPG/Content/SomeOtherStuff/StarterContent/Audio/Explosion_Cue.uasset" 147
"../../../../../../Users/Admin/Documents/Unreal Projects/ActionRPG/Content/SomeOtherStuff/StarterContent/Textures/T_Burst_M.uasset" 148
"../../../../../../Users/Admin/Documents/Unreal Projects/ActionRPG/Content/SomeOtherStuff/StarterContent/Particles/Materials/M_Burst.uasset" 149
"../../../../../../Users/Admin/Documents/Unreal Projects/ActionRPG/Content/SomeOtherStuff/StarterContent/Textures/T_Explosion_SubUV.uasset" 150
"../../../../../../Users/Admin/Documents/Unreal Projects/ActionRPG/Content/SomeOtherStuff/StarterContent/Particles/Materials/M_explosion_subUV.uasset" 151
"../../../../../../Users/Admin/Documents/Unreal Projects/ActionRPG/Content/SomeOtherStuff/StarterContent/Particles/Materials/m_flare_01.uasset" 152
"../../../Engine/Content/Functions/Engine_MaterialFunctions01/Gradient/RadialGradient.uasset" 153
"../../../../../../Users/Admin/Documents/Unreal Projects/ActionRPG/Content/SomeOtherStuff/StarterContent/Particles/Materials/M_radial_ramp.uasset" 154
"../../../../../../Users/Admin/Documents/Unreal Projects/ActionRPG/Content/SomeOtherStuff/StarterContent/Textures/T_Smoke_SubUV.uasset" 155
"../../../../../../Users/Admin/Documents/Unreal Projects/ActionRPG/Content/SomeOtherStuff/StarterContent/Textures/T_Smoke_Tiled_D.uasset" 156
"../../../../../../Users/Admin/Documents/Unreal Projects/ActionRPG/Content/SomeOtherStuff/StarterContent/Particles/Materials/M_smoke_subUV.uasset" 157
"../../../../../../Users/Admin/Documents/Unreal Projects/ActionRPG/Content/SomeOtherStuff/StarterContent/Particles/P_Explosion.uasset" 158
"../../../../../../Users/Admin/Documents/Unreal Projects/ActionRPG/Content/SomeOtherStuff/StarterContent/Blueprints/Blueprint_Effect_Explosion.uasset" 159
"../../../Engine/Content/EditorMeshes/ColorCalibrator/T_ColorGrid.uasset" 160
"../../../../../../Users/Admin/Documents/Unreal Projects/ActionRPG/Content/SomeOtherStuff/StarterContent/Materials/M_ColorGrid_LowSpec.uasset" 161
"../../../../../../Users/Admin/Documents/Unreal Projects/ActionRPG/Content/SomeOtherStuff/StarterContent/Textures/T_Chair_M.uasset" 162
"../../../../../../Users/Admin/Documents/Unreal Projects/ActionRPG/Content/SomeOtherStuff/StarterContent/Textures/T_Chair_N.uasset" 163
"../../../../../../Users/Admin/Documents/Unreal Projects/ActionRPG/Content/SomeOtherStuff/StarterContent/Props/Materials/M_Chair.uasset" 164
"../../../../../../Users/Admin/Documents/Unreal Projects/ActionRPG/Content/SomeOtherStuff/StarterContent/Props/SM_Couch.uasset" 165
"../../../../../../Users/Admin/Documents/Unreal Projects/ActionRPG/Content/SomeOtherStuff/StarterContent/Materials/M_Glass.uasset" 166
"../../../../../../Users/Admin/Documents/Unreal Projects/ActionRPG/Content/SomeOtherStuff/StarterContent/Textures/T_Door_M.uasset" 167
"../../../../../../Users/Admin/Documents/Unreal Projects/ActionRPG/Content/SomeOtherStuff/StarterContent/Textures/T_Door_N.uasset" 168
"../../../../../../Users/Admin/Documents/Unreal Projects/ActionRPG/Content/SomeOtherStuff/StarterContent/Props/Materials/M_Door.uasset" 169
"../../../../../../Users/Admin/Documents/Unreal Projects/ActionRPG/Content/SomeOtherStuff/StarterContent/Props/SM_Door.uasset" 170
"../../../../../../Users/Admin/Documents/Unreal Projects/ActionRPG/Content/SomeOtherStuff/StarterContent/Props/Materials/M_MaterialSphere.uasset" 171
"../../../../../../Users/Admin/Documents/Unreal Projects/ActionRPG/Content/SomeOtherStuff/StarterContent/Props/Materials/M_MaterialSphere_Plain.uasset" 172
"../../../../../../Users/Admin/Documents/Unreal Projects/ActionRPG/Content/SomeOtherStuff/StarterContent/Props/SM_MatPreviewMesh_02.uasset" 173
"../../../../../../Users/Admin/Documents/Unreal Projects/ActionRPG/Content/SomeOtherStuff/StarterContent/Textures/T_Shelf_M.uasset" 174
"../../../../../../Users/Admin/Documents/Unreal Projects/ActionRPG/Content/SomeOtherStuff/StarterContent/Textures/T_Shelf_N.uasset" 175
"../../../../../../Users/Admin/Documents/Unreal Projects/ActionRPG/Content/SomeOtherStuff/StarterContent/Props/Materials/M_Shelf.uasset" 176
"../../../../../../Users/Admin/Documents/Unreal Projects/ActionRPG/Content/SomeOtherStuff/StarterContent/Props/SM_Shelf.uasset" 177
"../../../../../../Users/Admin/Documents/Unreal Projects/ActionRPG/Content/SomeOtherStuff/StarterContent/Materials/M_Basic_Floor.uasset" 178
"../../../../../../Users/Admin/Documents/Unreal Projects/ActionRPG/Content/SomeOtherStuff/StarterContent/Props/SM_Stairs.uasset" 179
"../../../../../../Users/Admin/Documents/Unreal Projects/ActionRPG/Content/SomeOtherStuff/StarterContent/Shapes/Shape_Cone.uasset" 180
"../../../../../../Users/Admin/Documents/Unreal Projects/ActionRPG/Content/SomeOtherStuff/StarterContent/Shapes/Shape_Cylinder.uasset" 181
"../../../../../../Users/Admin/Documents/Unreal Projects/ActionRPG/Content/SomeOtherStuff/StarterContent/Shapes/Shape_NarrowCapsule.uasset" 182
"../../../../../../Users/Admin/Documents/Unreal Projects/ActionRPG/Content/SomeOtherStuff/StarterContent/Shapes/Shape_Pipe.uasset" 183
"../../../../../../Users/Admin/Documents/Unreal Projects/ActionRPG/Content/SomeOtherStuff/StarterContent/Shapes/Shape_Pipe_180.uasset" 184
"../../../../../../Users/Admin/Documents/Unreal Projects/ActionRPG/Content/SomeOtherStuff/StarterContent/Shapes/Shape_Pipe_90.uasset" 185
"../../../../../../Users/Admin/Documents/Unreal Projects/ActionRPG/Content/SomeOtherStuff/StarterContent/Shapes/Shape_Plane.uasset" 186
"../../../../../../Users/Admin/Documents/Unreal Projects/ActionRPG/Content/SomeOtherStuff/StarterContent/Shapes/Shape_Torus.uasset" 187
"../../../../../../Users/Admin/Documents/Unreal Projects/ActionRPG/Content/SomeOtherStuff/StarterContent/Shapes/Shape_Trim.uasset" 188
"../../../../../../Users/Admin/Documents/Unreal Projects/ActionRPG/Content/SomeOtherStuff/StarterContent/Shapes/Shape_Trim_90_In.uasset" 189
"../../../../../../Users/Admin/Documents/Unreal Projects/ActionRPG/Content/SomeOtherStuff/StarterContent/Shapes/Shape_Trim_90_Out.uasset" 190
"../../../../../../Users/Admin/Documents/Unreal Projects/ActionRPG/Content/SomeOtherStuff/StarterContent/Shapes/Shape_TriPyramid.uasset" 191
"../../../../../../Users/Admin/Documents/Unreal Projects/ActionRPG/Content/SomeOtherStuff/StarterContent/Shapes/Shape_Tube.uasset" 192
"../../../../../../Users/Admin/Documents/Unreal Projects/ActionRPG/Content/SomeOtherStuff/StarterContent/Shapes/Shape_Wedge_A.uasset" 193
"../../../../../../Users/Admin/Documents/Unreal Projects/ActionRPG/Content/SomeOtherStuff/StarterContent/Shapes/Shape_Wedge_B.uasset" 194
"../../../../../../Users/Admin/Documents/Unreal Projects/ActionRPG/Content/SomeOtherStuff/StarterContent/Shapes/Shape_WideCapsule.uasset" 195
"../../../../../../Users/Admin/Documents/Unreal Projects/ActionRPG/Content/SomeOtherStuff/ThirdPerson/Meshes/RampMaterial.uasset" 196
"../../../../../../Users/Admin/Documents/Unreal Projects/ActionRPG/Content/SomeOtherStuff/ThirdPerson/Meshes/Bump_StaticMesh.uasset" 197
"../../../../../../Users/Admin/Documents/Unreal Projects/ActionRPG/Content/SomeOtherStuff/ThirdPerson/Meshes/LeftArm_StaticMesh.uasset" 198
"../../../../../../Users/Admin/Documents/Unreal Projects/ActionRPG/Content/SomeOtherStuff/ThirdPerson/Meshes/Ramp_StaticMesh.uasset" 199
"../../../../../../Users/Admin/Documents/Unreal Projects/ActionRPG/Content/SomeOtherStuff/ThirdPerson/Meshes/RightArm_StaticMesh.uasset" 200
"../../../../../../Users/Admin/Documents/Unreal Projects/ActionRPG/Content/ThirdPersonBP/ThirdPersonOverview.uasset" 201
"../../../../../../Users/Admin/Documents/Unreal Projects/ActionRPG/Content/ThirdPersonBP/Blueprints/ThirdPersonGameMode.uasset" 202
"../../../Engine/Content/Animation/DefaultAnimCurveCompressionSettings.uasset" 203
"../../../Engine/Content/Functions/Engine_MaterialFunctions01/Opacity/CameraDepthFade.uasset" 204
"../../../Engine/Content/EngineMaterials/T_Default_Material_Grid_M.uasset" 205
"../../../Engine/Content/EngineMaterials/T_Default_Material_Grid_N.uasset" 206
"../../../Engine/Content/EngineMaterials/WorldGridMaterial.uasset" 207
"../../../Engine/Content/ArtTools/RenderToTexture/Meshes/S_1_Unit_Plane.uasset" 208
"../../../Engine/Content/BasicShapes/Cube.uasset" 209
"../../../Engine/Content/BasicShapes/Plane.uasset" 210
"../../../Engine/Content/EngineMaterials/DefaultMaterial.uasset" 211
"../../../Engine/Content/BasicShapes/Sphere.uasset" 212
"../../../Engine/Content/EditorLandscapeResources/DataLayer.uasset" 213
"../../../Engine/Content/EditorMaterials/MAT_Groups_Toggle.uasset" 214
"../../../Engine/Content/EditorMaterials/MAT_Groups_Visibility.uasset" 215
"../../../Engine/Content/EditorMaterials/PreviewShadowIndicator.uasset" 216
"../../../Engine/Content/EditorMaterials/PreviewShadowIndicatorMaterial.uasset" 217
"../../../Engine/Content/EditorMaterials/MatineeGroups/MAT_ColorTrack.uasset" 218
"../../../Engine/Content/EditorMaterials/MatineeGroups/MAT_Groups_Anim.uasset" 219
"../../../Engine/Content/EditorMaterials/MatineeGroups/MAT_Groups_AudioMaster.uasset" 220
"../../../Engine/Content/EditorMaterials/MatineeGroups/MAT_Groups_Director.uasset" 221
"../../../Engine/Content/EditorMaterials/MatineeGroups/MAT_Groups_Event.uasset" 222
"../../../Engine/Content/EditorMaterials/MatineeGroups/MAT_Groups_Fade.uasset" 223
"../../../Engine/Content/EditorMaterials/MatineeGroups/MAT_Groups_Float.uasset" 224
"../../../Engine/Content/EditorMaterials/MatineeGroups/MAT_Groups_Move.uasset" 225
"../../../Engine/Content/EditorMaterials/MatineeGroups/MAT_Groups_Slomo.uasset" 226
"../../../Engine/Content/EditorMaterials/MatineeGroups/MAT_Groups_Sound.uasset" 227
"../../../Engine/Content/EditorMaterials/MatineeGroups/MAT_Groups_Vector.uasset" 228
"../../../Engine/Content/EditorMaterials/ParticleSystems/PSysThumbnail_NoImage.uasset" 229
"../../../Engine/Content/EditorMaterials/ParticleSystems/PSysThumbnail_OOD.uasset" 230
"../../../Engine/Content/EditorMaterials/Camera/CineMat.uasset" 231
"../../../Engine/Content/EditorMaterials/Camera/MI_CineMat_Rig.uasset" 232
"../../../Engine/Content/EditorMeshes/Camera/SM_CraneRig_Arm.uasset" 233
"../../../Engine/Content/EditorMeshes/Camera/SM_CraneRig_Base.uasset" 234
"../../../Engine/Content/EditorMeshes/Camera/SM_CraneRig_Body.uasset" 235
"../../../Engine/Content/EditorMeshes/Camera/SM_CraneRig_Mount.uasset" 236
"../../../Engine/Content/EditorMeshes/Camera/SM_RailRig_Mount.uasset" 237
"../../../Engine/Content/EditorMeshes/Camera/SM_RailRig_Track.uasset" 238
"../../../Engine/Content/EditorResources/BSPVertex.uasset" 239
"../../../Engine/Content/EditorResources/EmptyActor.uasset" 240
"../../../Engine/Content/EditorResources/S_Actor.uasset" 241
"../../../Engine/Content/EditorResources/S_Note.uasset" 242
"../../../Engine/Content/EditorResources/S_Solver.uasset" 243
"../../../Engine/Content/EditorResources/S_Trigger.uasset" 244
"../../../Engine/Content/EditorResources/AudioIcons/S_AudioComponent.uasset" 245
"../../../Engine/Content/EditorResources/AudioIcons/S_AudioComponent_AutoActivate.uasset" 246
"../../../Engine/Content/EditorResources/LightIcons/S_LightError.uasset" 247
"../../../Engine/Content/EditorResources/SequenceRecorder/Countdown.uasset" 248
"../../../Engine/Content/EditorResources/SequenceRecorder/RecordingIndicator.uasset" 249
"../../../Engine/Content/EditorSounds/Notifications/CompileFailed.uasset" 250
"../../../Engine/Content/EditorSounds/Notifications/CompileFailed_Cue.uasset" 251
"../../../Engine/Content/EditorSounds/Notifications/CompileSuccess.uasset" 252
"../../../Engine/Content/EditorSounds/Notifications/CompileStart_Cue.uasset" 253
"../../../Engine/Content/EditorSounds/Notifications/CompileSuccess_Cue.uasset" 254
"../../../Engine/Content/EngineDamageTypes/DmgTypeBP_Environmental.uasset" 255
"../../../Engine/Content/EngineDebugMaterials/DebugEditorMaterial.uasset" 256
"../../../Engine/Content/EngineDebugMaterials/DebugMeshMaterial.uasset" 257
"../../../Engine/Content/EngineDebugMaterials/M_SimpleUnlitTranslucent.uasset" 258
"../../../Engine/Content/Functions/Engine_MaterialFunctions02/Utility/CameraDirectionVector.uasset" 259
"../../../Engine/Content/EngineDebugMaterials/VolumeToRender.uasset" 260
"../../../Engine/Content/EngineDebugMaterials/M_VolumeRenderSphereTracePP.uasset" 261
"../../../Engine/Content/EngineDebugMaterials/WireframeMaterial.uasset" 262
"../../../Engine/Content/EngineFonts/Faces/DroidSansFallback.uasset" 263
"../../../Engine/Content/EngineFonts/Faces/RobotoBold.uasset" 264
"../../../Engine/Content/EngineFonts/Faces/RobotoBoldItalic.uasset" 265
"../../../Engine/Content/EngineFonts/Faces/RobotoItalic.uasset" 266
"../../../Engine/Content/EngineFonts/Faces/RobotoLight.uasset" 267
"../../../Engine/Content/EngineFonts/Faces/RobotoRegular.uasset" 268
"../../../Engine/Content/EngineFonts/Roboto.uasset" 269
"../../../Engine/Content/EngineMaterials/BaseFlattenMaterial.uasset" 270
"../../../Engine/Content/EngineMaterials/BlueNoise.uasset" 271
"../../../Engine/Content/EngineMaterials/DefaultBloomKernel.uasset" 272
"../../../Engine/Content/EngineMaterials/DefaultBokeh.uasset" 273
"../../../Engine/Content/EngineMaterials/DefaultDiffuse.uasset" 274
"../../../Engine/Content/EngineMaterials/DefaultDeferredDecalMaterial.uasset" 275
"../../../Engine/Content/EngineMaterials/DefaultLightFunctionMaterial.uasset" 276
"../../../Engine/Content/Functions/Engine_MaterialFunctions02/Utility/BreakOutFloat2Components.uasset" 277
"../../../Engine/Content/EngineMaterials/DefaultPostProcessMaterial.uasset" 278
"../../../Engine/Content/EngineFonts/RobotoDistanceField.uasset" 279
"../../../Engine/Content/EngineMaterials/DefaultTextMaterialOpaque.uasset" 280
"../../../Engine/Content/EngineMaterials/DefaultWhiteGrid.uasset" 281
"../../../Engine/Content/EngineMaterials/DefaultWhiteGrid_Low.uasset" 282
"../../../Engine/Content/EngineMaterials/EmissiveMeshMaterial.uasset" 283
"../../../Engine/Content/EngineMaterials/GizmoMaterial.uasset" 284
"../../../Engine/Content/EngineMaterials/Good64x64TilingNoiseHighFreq.uasset" 285
"../../../Engine/Content/EngineMaterials/MiniFont.uasset" 286
"../../../Engine/Content/EngineMaterials/InvalidLightmapSettings.uasset" 287
"../../../Engine/Content/EngineMaterials/M_InvalidLightmapSettings.uasset" 288
"../../../Engine/Content/Functions/Engine_MaterialFunctions02/WorldPositionOffset/CameraOffset.uasset" 289
"../../../Engine/Content/EngineMaterials/PhAT_JointLimitMaterial.uasset" 290
"../../../Engine/Content/EngineMaterials/PreintegratedSkinBRDF.uasset" 291
"../../../Engine/Content/EngineMaterials/RemoveSurfaceMaterial.uasset" 292
"../../../Engine/Content/EngineResources/WhiteSquareTexture.uasset" 293
"../../../Engine/Content/EngineMaterials/Widget3DPassThrough.uasset" 294
"../../../Engine/Content/EngineMaterials/Widget3DPassThrough_Masked.uasset" 295
"../../../Engine/Content/EngineMaterials/Widget3DPassThrough_Opaque.uasset" 296
"../../../Engine/Content/EngineMaterials/Widget3DPassThrough_Masked_OneSided.uasset" 297
"../../../Engine/Content/EngineMaterials/Widget3DPassThrough_Opaque_OneSided.uasset" 298
"../../../Engine/Content/EngineMaterials/Widget3DPassThrough_Translucent.uasset" 299
"../../../Engine/Content/EngineMaterials/Widget3DPassThrough_Translucent_OneSided.uasset" 300
"../../../Engine/Content/EngineMeshes/Cylinder.uasset" 301
"../../../Engine/Content/EngineMeshes/Sphere.uasset" 302
"../../../Engine/Content/EngineResources/Black.uasset" 303
"../../../Engine/Content/EngineResources/DefaultTexture.uasset" 304
"../../../Engine/Content/EngineResources/DefaultTextureCube.uasset" 305
"../../../Engine/Content/EngineResources/DefaultVolumeTexture2D.uasset" 306
"../../../Engine/Content/EngineResources/DefaultVolumeTexture.uasset" 307
"../../../Engine/Content/EngineResources/GradientTexture0.uasset" 308
"../../../Engine/Content/EngineSounds/Master.uasset" 309
"../../../Engine/Content/Functions/Engine_MaterialFunctions01/Shading/ConvertFromDiffSpec.uasset" 310
"../../../Engine/Content/Functions/Engine_MaterialFunctions01/Shading/PowerToRoughness.uasset" 311
"../../../Engine/Content/Maps/Templates/Thumbnails/Default.uasset" 312
"../../../Engine/Content/Maps/Templates/Thumbnails/TimeOfDay.uasset" 313
"../../../Engine/Content/Maps/Templates/Thumbnails/VR-Basic.uasset" 314
"../../../Engine/Content/MobileResources/T_MobileControls_texture.uasset" 315
"../../../Engine/Content/MobileResources/T_MobileMenu2.uasset" 316
"../../../Engine/Content/MobileResources/HUD/AnalogHat.uasset" 317
"../../../Engine/Content/MobileResources/HUD/VirtualJoystick_Background.uasset" 318
"../../../Engine/Content/MobileResources/HUD/VirtualJoystick_Thumb.uasset" 319
"../../../Engine/Content/MobileResources/HUD/DefaultVirtualJoysticks.uasset" 320
"../../../Engine/Content/MobileResources/HUD/LeftVirtualJoystickOnly.uasset" 321
"../../../Engine/Content/MobileResources/HUD/MobileHUDButton1_off.uasset" 322
"../../../Engine/Content/MobileResources/HUD/MobileHUDButton1_on.uasset" 323
"../../../Engine/Content/MobileResources/HUD/MobileHUDButton2_off.uasset" 324
"../../../Engine/Content/MobileResources/HUD/MobileHUDButton2_on.uasset" 325
"../../../Engine/Content/MobileResources/HUD/MobileHUDButton3.uasset" 326
"../../../Engine/Content/MobileResources/HUD/MobileHUDButtonFire.uasset" 327
"../../../Engine/Content/MobileResources/HUD/MobileHUDDirectionPad.uasset" 328
"../../../Engine/Content/MobileResources/HUD/MobileHUDDirectionPad2.uasset" 329
"../../../Engine/Content/MobileResources/HUD/MobileHUDDirectionPad3.uasset" 330
"../../../Engine/Content/MobileResources/HUD/MobileHUDDirectionStick.uasset" 331
"../../../Engine/Content/MobileResources/HUD/T_Castle_ThumbstickInner.uasset" 332
"../../../Engine/Content/MobileResources/HUD/T_Castle_ThumbstickOutter.uasset" 333
"../../../Engine/Content/Tutorial/ContentIntroCurve.uasset" 334
"../../../Engine/Content/Tutorial/Basics/LevelEditorAttract.uasset" 335
"../../../Engine/Content/Tutorial/Basics/TutorialAssets/icon_tab_Levels_40x.uasset" 336
"../../../Engine/Content/Tutorial/Basics/LevelEditorOverview.uasset" 337
"../../../Engine/Content/Tutorial/BlueprintTutorials/TutorialAssets/Blueprint_64x.uasset" 338
"../../../Engine/Content/Tutorial/BlueprintTutorials/BlueprintEditorTutorial.uasset" 339
"../../../Engine/Content/Tutorial/Landscape/TutorialAssets/Landscape.uasset" 340
"../../../Engine/Content/Tutorial/Landscape/LandscapeWalkThrough.uasset" 341
"../../../Engine/Content/Tutorial/Landscape/Landscape_Manage_Mode.uasset" 342
"../../../Engine/Content/Tutorial/Landscape/Landscape_Painting_Mode.uasset" 343
"../../../Engine/Content/Tutorial/Landscape/Landscape_Sculpt_Mode.uasset" 344
"../../../Engine/Content/VREditor/LaserPointer/VR_LaserPower_01.uasset" 345
"../../../Engine/Content/VREditor/TransformGizmo/TransformGizmoMaterial.uasset" 346
"../../../Engine/Content/VREditor/TransformGizmo/TranslucentTransformGizmoMaterial.uasset" 347
"../../../Engine/Content/VREditor/TransformGizmo/BoundingBoxCorner.uasset" 348
"../../../Engine/Content/VREditor/TransformGizmo/BoundingBoxEdge.uasset" 349
"../../../Engine/Content/VREditor/TransformGizmo/PlaneTranslationHandle.uasset" 350
"../../../Engine/Content/VREditor/TransformGizmo/Main.uasset" 351
"../../../Engine/Content/VREditor/TransformGizmo/Xray.uasset" 352
"../../../Engine/Content/VREditor/TransformGizmo/SM_Sequencer_Key.uasset" 353
"../../../Engine/Content/VREditor/TransformGizmo/SM_Sequencer_Node.uasset" 354
"../../Plugins/2D/Paper2D/Content/PlaceholderTextures/DummySpriteTexture.uasset" 355
"../../Plugins/2D/Paper2D/Content/DummySprite.uasset" 356
"../../Plugins/2D/Paper2D/Content/DefaultPaperTerrainMaterial.uasset" 357
"../../Plugins/2D/Paper2D/Content/DefaultSpriteMaterial.uasset" 358
"../../Plugins/2D/Paper2D/Content/MaskedUnlitSpriteMaterial.uasset" 359
"../../Plugins/2D/Paper2D/Content/OpaqueUnlitSpriteMaterial.uasset" 360
"../../Plugins/FX/Niagara/Content/Enums/ENiagaraBooleanLogicOps.uasset" 361
"../../Plugins/FX/Niagara/Content/Enums/ENiagaraCoordinateSpace.uasset" 362
"../../Plugins/FX/Niagara/Content/Enums/ENiagaraExpansionMode.uasset" 363
"../../Plugins/FX/Niagara/Content/Enums/ENiagaraOrientationAxis.uasset" 364
"../../Plugins/FX/Niagara/Content/Enums/ENiagaraRandomnessMode.uasset" 365
"../../../Engine/Content/Functions/Engine_MaterialFunctions02/Utility/BreakOutFloat4Components.uasset" 366
"../../../Engine/Content/Functions/Engine_MaterialFunctions02/Utility/MakeFloat2.uasset" 367
"../../../Engine/Content/Functions/Engine_MaterialFunctions02/Utility/MakeFloat3.uasset" 368
"../../Plugins/Runtime/Oculus/OculusVR/Content/Materials/OculusMR_ChromaKey.uasset" 369
"../../Plugins/Runtime/Oculus/OculusVR/Content/Materials/OculusMR_ChromaKey_Lit.uasset" 370
"../../Plugins/Runtime/Oculus/OculusVR/Content/Materials/OculusMR_OpaqueColoredMaterial.uasset" 371
"../../Plugins/Runtime/Oculus/OculusVR/Content/Materials/OculusMR_WhiteMaterial.uasset" 372
"../../../../../../Users/Admin/Documents/Unreal Projects/ActionRPG/Content/CharModels/PumpkinHead/Mesh/PumpkinHead_Skeleton.uasset" 373
"../../../../../../Users/Admin/Documents/Unreal Projects/ActionRPG/Content/CharModels/PumpkinHead/Anim/PumpkinHead_Idle_Anim.uasset" 374
"../../../../../../Users/Admin/Documents/Unreal Projects/ActionRPG/Content/CharModels/PumpkinHead/Anim/PumpkinHead_Running.uasset" 375
"../../../../../../Users/Admin/Documents/Unreal Projects/ActionRPG/Content/CharModels/PumpkinHead/Anim/PumpkinHead_Walking.uasset" 376
"../../../../../../Users/Admin/Documents/Unreal Projects/ActionRPG/Content/CharModels/PumpkinHead/Anim/Running_Blend.uasset" 377
"../../../../../../Users/Admin/Documents/Unreal Projects/ActionRPG/Content/CharModels/PumpkinHead/Anim/PumpkinHead_Anim_BP.uasset" 378
"../../../../../../Users/Admin/Documents/Unreal Projects/ActionRPG/Content/CharModels/PumpkinHead/Anim/PumpkinHead_Attack.uasset" 379
"../../../../../../Users/Admin/Documents/Unreal Projects/ActionRPG/Content/CharModels/PumpkinHead/PumpkinHead_DoDamage_Notify.uasset" 380
"../../../../../../Users/Admin/Documents/Unreal Projects/ActionRPG/Content/CharModels/PumpkinHead/Anim/AttackPumpkinHead_Montage.uasset" 381
"../../../../../../Users/Admin/Documents/Unreal Projects/ActionRPG/Content/CharModels/PumpkinHead/Anim/PumpkinHead_Reaction_Hit.uasset" 382
"../../../../../../Users/Admin/Documents/Unreal Projects/ActionRPG/Content/CharModels/PumpkinHead/Anim/Pumpkin_Hit_Montage.uasset" 383
"../../../../../../Users/Admin/Documents/Unreal Projects/ActionRPG/Content/CharModels/PumpkinHead/Anim/PumpkinHead_Dying.uasset" 384
"../../../../../../Users/Admin/Documents/Unreal Projects/ActionRPG/Content/CharModels/PumpkinHead/Anim/PumpkinHeadDying_AnimMontage.uasset" 385
"../../../../../../Users/Admin/Documents/Unreal Projects/ActionRPG/Content/CharModels/PumpkinHead/BB/PumpkinHead_BB.uasset" 386
"../../../../../../Users/Admin/Documents/Unreal Projects/ActionRPG/Content/CharModels/PumpkinHead/BB/ChangeNPCSpeed.uasset" 387
"../../../../../../Users/Admin/Documents/Unreal Projects/ActionRPG/Content/CharModels/PumpkinHead/BB/ChasePlayer.uasset" 388
"../../../../../../Users/Admin/Documents/Unreal Projects/ActionRPG/Content/CharModels/PumpkinHead/BB/FindPathPoint.uasset" 389
"../../../../../../Users/Admin/Documents/Unreal Projects/ActionRPG/Content/CharModels/PumpkinHead/BB/FindPlayerLocation.uasset" 390
"../../../../../../Users/Admin/Documents/Unreal Projects/ActionRPG/Content/CharModels/PumpkinHead/BB/FindRandomLocation.uasset" 391
"../../../../../../Users/Admin/Documents/Unreal Projects/ActionRPG/Content/CharModels/PumpkinHead/BB/IncrementPathIndex.uasset" 392
"../../../../../../Users/Admin/Documents/Unreal Projects/ActionRPG/Content/CharModels/PumpkinHead/BB/IsPLayerInRange.uasset" 393
"../../../../../../Users/Admin/Documents/Unreal Projects/ActionRPG/Content/CharModels/PumpkinHead/BB/LoopPath.uasset" 394
"../../../../../../Users/Admin/Documents/Unreal Projects/ActionRPG/Content/CharModels/PumpkinHead/BB/MeleeAttack.uasset" 395
"../../../../../../Users/Admin/Documents/Unreal Projects/ActionRPG/Content/CharModels/PumpkinHead/BB/PumpkinHead_BT.uasset" 396
"../../../../../../Users/Admin/Documents/Unreal Projects/ActionRPG/Content/CharModels/PumpkinHead/PumpkinHead_AI.uasset" 397
"../../../../../../Users/Admin/Documents/Unreal Projects/ActionRPG/Content/CharModels/PumpkinHead/Mesh/paletLowPol.uasset" 398
"../../../../../../Users/Admin/Documents/Unreal Projects/ActionRPG/Content/CharModels/PumpkinHead/Mesh/Material_001.uasset" 399
"../../../../../../Users/Admin/Documents/Unreal Projects/ActionRPG/Content/CharModels/PumpkinHead/Mesh/PumpkinHead_PhysicsAsset.uasset" 400
"../../../../../../Users/Admin/Documents/Unreal Projects/ActionRPG/Content/CharModels/PumpkinHead/Mesh/PumpkinHead.uasset" 401
"../../../../../../Users/Admin/Documents/Unreal Projects/ActionRPG/Content/CharModels/PumpkinHead/UI/PumpkinHealthbar.uasset" 402
"../../../../../../Users/Admin/Documents/Unreal Projects/ActionRPG/Content/CharModels/PumpkinHead/PumpkinHead.uasset" 403
"../../../../../../Users/Admin/Documents/Unreal Projects/ActionRPG/Content/CharModels/PumpkinQueen/Anim/PumpkinQueen_Anim_BP.uasset" 404
"../../../../../../Users/Admin/Documents/Unreal Projects/ActionRPG/Content/CharModels/PumpkinQueen/Anim/PumpkinQueen_HitReaction_Anim.uasset" 405
"../../../../../../Users/Admin/Documents/Unreal Projects/ActionRPG/Content/CharModels/PumpkinQueen/Anim/PumpkinQueen_HitReaction_AnimMontage.uasset" 406
"../../../../../../Users/Admin/Documents/Unreal Projects/ActionRPG/Content/CharModels/PumpkinQueen/UI/HealthBarBoss.uasset" 407
"../../../../../../Users/Admin/Documents/Unreal Projects/ActionRPG/Content/CharModels/PumpkinQueen/UI/PumpkinQueenHealthbar.uasset" 408
"../../../../../../Users/Admin/Documents/Unreal Projects/ActionRPG/Content/Mechanics/GameStateUI/Win_Widget.uasset" 409
"../../../../../../Users/Admin/Documents/Unreal Projects/ActionRPG/Content/CharModels/PumpkinQueen/PumpkinQueenBoss.uasset" 410
"../../../Engine/Content/EngineSky/C_Sky_Cloud_Color.uasset" 411
"../../../Engine/Content/EngineSky/C_Sky_Horizon_Color.uasset" 412
"../../../Engine/Content/EngineSky/C_Sky_Zenith_Color.uasset" 413
"../../../Engine/Content/EngineSky/T_Sky_Blue.uasset" 414
"../../../Engine/Content/EngineSky/T_Sky_Clouds_M.uasset" 415
"../../../Engine/Content/EngineSky/T_Sky_Stars.uasset" 416
"../../../Engine/Content/EngineSky/M_Sky_Panning_Clouds2.uasset" 417
"../../../Engine/Content/EngineSky/SM_SkySphere.uasset" 418
"../../../Engine/Content/EngineSky/BP_Sky_Sphere.uasset" 419
"../../../../../../Users/Admin/Documents/Unreal Projects/ActionRPG/Content/CharModels/PumpkinQueen/SpawnerStarter.uasset" 420
"../../../../../../Users/Admin/Documents/Unreal Projects/ActionRPG/Content/Models/Barrel.uasset" 421
"../../../../../../Users/Admin/Documents/Unreal Projects/ActionRPG/Content/Containers/Berrel_Container.uasset" 422
"../../../../../../Users/Admin/Documents/Unreal Projects/ActionRPG/Content/Containers/Container.uasset" 423
"../../../../../../Users/Admin/Documents/Unreal Projects/ActionRPG/Content/SomeOtherStuff/StarterContent/Textures/T_Perlin_Noise_M.uasset" 424
"../../../../../../Users/Admin/Documents/Unreal Projects/ActionRPG/Content/SomeOtherStuff/StarterContent/Textures/T_Wood_Floor_Walnut_D.uasset" 425
"../../../../../../Users/Admin/Documents/Unreal Projects/ActionRPG/Content/SomeOtherStuff/StarterContent/Textures/T_Wood_Floor_Walnut_M.uasset" 426
"../../../../../../Users/Admin/Documents/Unreal Projects/ActionRPG/Content/SomeOtherStuff/StarterContent/Textures/T_Wood_Floor_Walnut_N.uasset" 427
"../../../../../../Users/Admin/Documents/Unreal Projects/ActionRPG/Content/SomeOtherStuff/StarterContent/Materials/M_Wood_Floor_Walnut_Polished.uasset" 428
"../../../../../../Users/Admin/Documents/Unreal Projects/ActionRPG/Content/SomeOtherStuff/StarterContent/Shapes/Shape_Cube.uasset" 429
"../../../../../../Users/Admin/Documents/Unreal Projects/ActionRPG/Content/Containers/Chest.uasset" 430
"../../../../../../Users/Admin/Documents/Unreal Projects/ActionRPG/Content/Data/Items/ItemsIcon/RockIcon.uasset" 431
"../../../../../../Users/Admin/Documents/Unreal Projects/ActionRPG/Content/SomeOtherStuff/StarterContent/Textures/T_Detail_Rocky_N.uasset" 432
"../../../../../../Users/Admin/Documents/Unreal Projects/ActionRPG/Content/SomeOtherStuff/StarterContent/Textures/T_Rock_Basalt_D.uasset" 433
"../../../../../../Users/Admin/Documents/Unreal Projects/ActionRPG/Content/SomeOtherStuff/StarterContent/Textures/T_RockMesh_M.uasset" 434
"../../../../../../Users/Admin/Documents/Unreal Projects/ActionRPG/Content/SomeOtherStuff/StarterContent/Textures/T_RockMesh_N.uasset" 435
"../../../../../../Users/Admin/Documents/Unreal Projects/ActionRPG/Content/SomeOtherStuff/StarterContent/Props/Materials/M_Rock.uasset" 436
"../../../../../../Users/Admin/Documents/Unreal Projects/ActionRPG/Content/SomeOtherStuff/StarterContent/Props/SM_Rock.uasset" 437
"../../../../../../Users/Admin/Documents/Unreal Projects/ActionRPG/Content/Data/Items/Item_Rock.uasset" 438
"../../../../../../Users/Admin/Documents/Unreal Projects/ActionRPG/Content/Models/Weapon/paletLowPol.uasset" 439
"../../../../../../Users/Admin/Documents/Unreal Projects/ActionRPG/Content/Models/Weapon/Material_001.uasset" 440
"../../../../../../Users/Admin/Documents/Unreal Projects/ActionRPG/Content/Models/Weapon/ShortSword.uasset" 441
"../../../../../../Users/Admin/Documents/Unreal Projects/ActionRPG/Content/Data/Items/Weapon/Weapon_ShortSword.uasset" 442
"../../../../../../Users/Admin/Documents/Unreal Projects/ActionRPG/Content/SomeOtherStuff/Mannequin/Animations/ThirdPerson_Jump.uasset" 443
"../../../../../../Users/Admin/Documents/Unreal Projects/ActionRPG/Content/SomeOtherStuff/Mannequin/Animations/ThirdPersonJump_Loop.uasset" 444
"../../../../../../Users/Admin/Documents/Unreal Projects/ActionRPG/Content/SomeOtherStuff/Mannequin/Animations/ThirdPersonJump_Start.uasset" 445
"../../../../../../Users/Admin/Documents/Unreal Projects/ActionRPG/Content/SomeOtherStuff/Mannequin/Animations/ThirdPersonIdle.uasset" 446
"../../../../../../Users/Admin/Documents/Unreal Projects/ActionRPG/Content/SomeOtherStuff/Mannequin/Animations/ThirdPersonRun.uasset" 447
"../../../../../../Users/Admin/Documents/Unreal Projects/ActionRPG/Content/SomeOtherStuff/Mannequin/Animations/ThirdPersonWalk.uasset" 448
"../../../../../../Users/Admin/Documents/Unreal Projects/ActionRPG/Content/SomeOtherStuff/Mannequin/Animations/ThirdPerson_IdleRun_2D.uasset" 449
"../../../../../../Users/Admin/Documents/Unreal Projects/ActionRPG/Content/SomeOtherStuff/Mannequin/Animations/ThirdPerson_AnimBP.uasset" 450
"../../../../../../Users/Admin/Documents/Unreal Projects/ActionRPG/Content/Mechanics/CharacterSheet/3DMeshCaputre/3DMeshCapture_BP.uasset" 451
"../../../Engine/Content/BasicShapes/BasicShapeMaterial.uasset" 452
"../../../Engine/Content/BasicShapes/Cone.uasset" 453
"../../../Engine/Content/BasicShapes/Cylinder.uasset" 454
"../../../../../../Users/Admin/Documents/Unreal Projects/ActionRPG/Content/Mechanics/Helper/ArrowHelper.uasset" 455
"../../../../../../Users/Admin/Documents/Unreal Projects/ActionRPG/Content/Maps/Level_1/Level_1_sharedassets/Dirt_LayerInfo.uasset" 456
"../../../../../../Users/Admin/Documents/Unreal Projects/ActionRPG/Content/Maps/Level_1/Level_1_sharedassets/Grass_LayerInfo.uasset" 457
"../../../../../../Users/Admin/Documents/Unreal Projects/ActionRPG/Content/Maps/Level_1/Level_1_sharedassets/Rock_LayerInfo.uasset" 458
"../../../../../../Users/Admin/Documents/Unreal Projects/ActionRPG/Content/Maps/Level_1/Level_1_BuiltData.uasset" 459
"../../../Engine/Content/EngineMaterials/WeightMapPlaceholderTexture.uasset" 460
"../../../../../../Users/Admin/Documents/Unreal Projects/ActionRPG/Content/SomeOtherStuff/StarterContent/Textures/T_Ground_Grass_D.uasset" 461
"../../../../../../Users/Admin/Documents/Unreal Projects/ActionRPG/Content/SomeOtherStuff/StarterContent/Textures/T_Ground_Grass_N.uasset" 462
"../../../../../../Users/Admin/Documents/Unreal Projects/ActionRPG/Content/SomeOtherStuff/StarterContent/Textures/T_Ground_Gravel_D.uasset" 463
"../../../../../../Users/Admin/Documents/Unreal Projects/ActionRPG/Content/SomeOtherStuff/StarterContent/Textures/T_Ground_Gravel_N.uasset" 464
"../../../../../../Users/Admin/Documents/Unreal Projects/ActionRPG/Content/SomeOtherStuff/StarterContent/Textures/T_Rock_Sandstone_D.uasset" 465
"../../../../../../Users/Admin/Documents/Unreal Projects/ActionRPG/Content/SomeOtherStuff/StarterContent/Textures/T_Rock_Sandstone_N.uasset" 466
"../../../../../../Users/Admin/Documents/Unreal Projects/ActionRPG/Content/Models/LandscapeMaterial/LS_Material.uasset" 467
"../../../Engine/Content/EngineMaterials/DefaultPhysicalMaterial.uasset" 468
"../../../../../../Users/Admin/Documents/Unreal Projects/ActionRPG/Content/Models/ArcPortal.uasset" 469
"../../../../../../Users/Admin/Documents/Unreal Projects/ActionRPG/Content/Models/BlacksmithMedivalHause.uasset" 470
"../../../../../../Users/Admin/Documents/Unreal Projects/ActionRPG/Content/Models/Crystal_Base_Color.uasset" 471
"../../../../../../Users/Admin/Documents/Unreal Projects/ActionRPG/Content/Models/Crystal.uasset" 472
"../../../../../../Users/Admin/Documents/Unreal Projects/ActionRPG/Content/Models/CrystalCore.uasset" 473
"../../../../../../Users/Admin/Documents/Unreal Projects/ActionRPG/Content/Models/TowerV2.uasset" 474
"../../../../../../Users/Admin/Documents/Unreal Projects/ActionRPG/Content/Models/Tree.uasset" 475
"../../../../../../Users/Admin/Documents/Unreal Projects/ActionRPG/Content/Models/Wall.uasset" 476
"../../../../../../Users/Admin/Documents/Unreal Projects/ActionRPG/Content/Models/WizardTowerNewHat.uasset" 477
"../../../../../../Users/Admin/Documents/Unreal Projects/ActionRPG/Content/Models/WizardTowerRedRoof.uasset" 478
"../../../../../../Users/Admin/Documents/Unreal Projects/ActionRPG/Content/Maps/Level_1/Level_1.umap" 479
"../../../../../../Users/Admin/Documents/Unreal Projects/ActionRPG/Content/Mechanics/MainMenu/MainMenu.uasset" 480
"../../../../../../Users/Admin/Documents/Unreal Projects/ActionRPG/Content/Mechanics/MainMenu/MainMenuStart.uasset" 481
"../../../../../../Users/Admin/Documents/Unreal Projects/ActionRPG/Content/Maps/MainMenu/MainMenu_BuiltData.uasset" 482
"../../../../../../Users/Admin/Documents/Unreal Projects/ActionRPG/Content/Maps/MainMenu/MainMenu.umap" 483
"../../../../../../Users/Admin/Documents/Unreal Projects/ActionRPG/Content/CharModels/Dummy/DummyHealthBar.uasset" 484
"../../../../../../Users/Admin/Documents/Unreal Projects/ActionRPG/Content/CharModels/Dummy/Dummy.uasset" 485
"../../../../../../Users/Admin/Documents/Unreal Projects/ActionRPG/Content/SomeOtherStuff/Geometry/Meshes/1M_Cube.uasset" 486
"../../../../../../Users/Admin/Documents/Unreal Projects/ActionRPG/Content/SomeOtherStuff/ThirdPerson/Meshes/Linear_Stair_StaticMesh.uasset" 487
"../../../../../../Users/Admin/Documents/Unreal Projects/ActionRPG/Content/Maps/TestMap/TestMaps.umap" 488
"../../../../../../Users/Admin/Documents/Unreal Projects/ActionRPG/Content/SomeOtherStuff/StarterContent/Blueprints/Assets/FogBrightnessLUT.uasset" 489
"../../../../../../Users/Admin/Documents/Unreal Projects/ActionRPG/Content/SomeOtherStuff/StarterContent/Blueprints/Assets/SunlightColorLUT.uasset" 490
"../../../../../../Users/Admin/Documents/Unreal Projects/ActionRPG/Content/SomeOtherStuff/StarterContent/Blueprints/Assets/M_LightStage_Arrows.uasset" 491
"../../../Engine/Content/MapTemplates/Sky/DaylightAmbientCubemap.uasset" 492
"../../../../../../Users/Admin/Documents/Unreal Projects/ActionRPG/Content/SomeOtherStuff/StarterContent/Blueprints/Assets/M_LightStage_Skybox_Master.uasset" 493
"../../../../../../Users/Admin/Documents/Unreal Projects/ActionRPG/Content/SomeOtherStuff/StarterContent/Blueprints/Assets/M_LightStage_Skybox_Black.uasset" 494
"../../../../../../Users/Admin/Documents/Unreal Projects/ActionRPG/Content/SomeOtherStuff/StarterContent/Blueprints/Assets/M_LightStage_Skybox_HDRI.uasset" 495
"../../../Engine/Content/EditorMaterials/Thumbnails/SkySphereMaterial.uasset" 496
"../../../../../../Users/Admin/Documents/Unreal Projects/ActionRPG/Content/SomeOtherStuff/StarterContent/Blueprints/Assets/Skybox.uasset" 497
"../../../../../../Users/Admin/Documents/Unreal Projects/ActionRPG/Content/SomeOtherStuff/StarterContent/Blueprints/Assets/SM_Arrows.uasset" 498
"../../../../../../Users/Admin/Documents/Unreal Projects/ActionRPG/Content/SomeOtherStuff/StarterContent/HDRI/HDRI_Epic_Courtyard_Daylight.uasset" 499
"../../../../../../Users/Admin/Documents/Unreal Projects/ActionRPG/Content/SomeOtherStuff/StarterContent/Blueprints/BP_LightStudio.uasset" 500
"../../../../../../Users/Admin/Documents/Unreal Projects/ActionRPG/Content/SomeOtherStuff/StarterContent/Maps/Advanced_Lighting_BuiltData.uasset" 501
"../../../../../../Users/Admin/Documents/Unreal Projects/ActionRPG/Content/SomeOtherStuff/StarterContent/Materials/M_AssetPlatform.uasset" 502
"../../../Engine/Content/EditorMeshes/ColorCalibrator/M_ChromeBall.uasset" 503
"../../../Engine/Content/EditorMeshes/ColorCalibrator/M_ClearCoat.uasset" 504
"../../../Engine/Content/EditorMeshes/ColorCalibrator/M_ClearCoatBlack.uasset" 505
"../../../Engine/Content/EditorMeshes/ColorCalibrator/Color_checker.uasset" 506
"../../../Engine/Content/EditorMeshes/ColorCalibrator/M_ColorGrid.uasset" 507
"../../../Engine/Content/EditorMeshes/ColorCalibrator/M_GreyBall.uasset" 508
"../../../Engine/Content/EditorMeshes/ColorCalibrator/SM_ColorCalibrator.uasset" 509
"../../../../../../Users/Admin/Documents/Unreal Projects/ActionRPG/Content/SomeOtherStuff/StarterContent/Architecture/SM_AssetPlatform.uasset" 510
"../../../../../../Users/Admin/Documents/Unreal Projects/ActionRPG/Content/SomeOtherStuff/StarterContent/Maps/Advanced_Lighting.umap" 511
"../../../../../../Users/Admin/Documents/Unreal Projects/ActionRPG/Content/SomeOtherStuff/StarterContent/Maps/Minimal_Default_BuiltData.uasset" 512
"../../../../../../Users/Admin/Documents/Unreal Projects/ActionRPG/Content/SomeOtherStuff/StarterContent/Textures/T_MacroVariation.uasset" 513
"../../../../../../Users/Admin/Documents/Unreal Projects/ActionRPG/Content/SomeOtherStuff/StarterContent/Materials/M_Metal_Brushed_Nickel.uasset" 514
"../../../../../../Users/Admin/Documents/Unreal Projects/ActionRPG/Content/SomeOtherStuff/StarterContent/Textures/T_Metal_Aluminum_D.uasset" 515
"../../../../../../Users/Admin/Documents/Unreal Projects/ActionRPG/Content/SomeOtherStuff/StarterContent/Textures/T_Metal_Gold_N.uasset" 516
"../../../../../../Users/Admin/Documents/Unreal Projects/ActionRPG/Content/SomeOtherStuff/StarterContent/Materials/M_Metal_Burnished_Steel.uasset" 517
"../../../../../../Users/Admin/Documents/Unreal Projects/ActionRPG/Content/SomeOtherStuff/StarterContent/Textures/T_Metal_Copper_D.uasset" 518
"../../../../../../Users/Admin/Documents/Unreal Projects/ActionRPG/Content/SomeOtherStuff/StarterContent/Materials/M_Metal_Copper.uasset" 519
"../../../../../../Users/Admin/Documents/Unreal Projects/ActionRPG/Content/SomeOtherStuff/StarterContent/Textures/T_Statue_M.uasset" 520
"../../../../../../Users/Admin/Documents/Unreal Projects/ActionRPG/Content/SomeOtherStuff/StarterContent/Textures/T_Statue_N.uasset" 521
"../../../../../../Users/Admin/Documents/Unreal Projects/ActionRPG/Content/SomeOtherStuff/StarterContent/Props/Materials/M_StatueGlass.uasset" 522
"../../../../../../Users/Admin/Documents/Unreal Projects/ActionRPG/Content/SomeOtherStuff/StarterContent/Architecture/Floor_400x400.uasset" 523
"../../../../../../Users/Admin/Documents/Unreal Projects/ActionRPG/Content/SomeOtherStuff/StarterContent/Audio/Starter_Birds01.uasset" 524
"../../../../../../Users/Admin/Documents/Unreal Projects/ActionRPG/Content/SomeOtherStuff/StarterContent/Audio/Starter_Wind05.uasset" 525
"../../../../../../Users/Admin/Documents/Unreal Projects/ActionRPG/Content/SomeOtherStuff/StarterContent/Audio/Starter_Wind06.uasset" 526
"../../../../../../Users/Admin/Documents/Unreal Projects/ActionRPG/Content/SomeOtherStuff/StarterContent/Audio/Starter_Background_Cue.uasset" 527
"../../../../../../Users/Admin/Documents/Unreal Projects/ActionRPG/Content/SomeOtherStuff/StarterContent/Props/SM_Chair.uasset" 528
"../../../../../../Users/Admin/Documents/Unreal Projects/ActionRPG/Content/SomeOtherStuff/StarterContent/Props/Materials/M_Statue.uasset" 529
"../../../../../../Users/Admin/Documents/Unreal Projects/ActionRPG/Content/SomeOtherStuff/StarterContent/Props/SM_Statue.uasset" 530
"../../../../../../Users/Admin/Documents/Unreal Projects/ActionRPG/Content/SomeOtherStuff/StarterContent/Textures/T_TableRound_M.uasset" 531
"../../../../../../Users/Admin/Documents/Unreal Projects/ActionRPG/Content/SomeOtherStuff/StarterContent/Textures/T_TableRound_N.uasset" 532
"../../../../../../Users/Admin/Documents/Unreal Projects/ActionRPG/Content/SomeOtherStuff/StarterContent/Props/Materials/M_TableRound.uasset" 533
"../../../../../../Users/Admin/Documents/Unreal Projects/ActionRPG/Content/SomeOtherStuff/StarterContent/Props/SM_TableRound.uasset" 534
"../../../../../../Users/Admin/Documents/Unreal Projects/ActionRPG/Content/SomeOtherStuff/StarterContent/Maps/Minimal_Default.umap" 535
"../../../../../../Users/Admin/Documents/Unreal Projects/ActionRPG/Content/SomeOtherStuff/StarterContent/Audio/Fire01.uasset" 536
"../../../../../../Users/Admin/Documents/Unreal Projects/ActionRPG/Content/SomeOtherStuff/StarterContent/Audio/Fire01_Cue.uasset" 537
"../../../../../../Users/Admin/Documents/Unreal Projects/ActionRPG/Content/SomeOtherStuff/StarterContent/Textures/T_Fire_SubUV.uasset" 538
"../../../../../../Users/Admin/Documents/Unreal Projects/ActionRPG/Content/SomeOtherStuff/StarterContent/Textures/T_Fire_Tiled_D.uasset" 539
"../../../../../../Users/Admin/Documents/Unreal Projects/ActionRPG/Content/SomeOtherStuff/StarterContent/Particles/Materials/M_Fire_SubUV.uasset" 540
"../../../../../../Users/Admin/Documents/Unreal Projects/ActionRPG/Content/SomeOtherStuff/StarterContent/Textures/T_Water_N.uasset" 541
"../../../../../../Users/Admin/Documents/Unreal Projects/ActionRPG/Content/SomeOtherStuff/StarterContent/Particles/Materials/M_Heat_Distortion.uasset" 542
"../../../../../../Users/Admin/Documents/Unreal Projects/ActionRPG/Content/SomeOtherStuff/StarterContent/Particles/Materials/M_Radial_Gradient.uasset" 543
"../../../../../../Users/Admin/Documents/Unreal Projects/ActionRPG/Content/SomeOtherStuff/StarterContent/Particles/P_Fire.uasset" 544
"../../../../../../Users/Admin/Documents/Unreal Projects/ActionRPG/Content/SomeOtherStuff/StarterContent/Blueprints/Blueprint_Effect_Fire.uasset" 545
"../../../../../../Users/Admin/Documents/Unreal Projects/ActionRPG/Content/SomeOtherStuff/StarterContent/Audio/Smoke01.uasset" 546
"../../../../../../Users/Admin/Documents/Unreal Projects/ActionRPG/Content/SomeOtherStuff/StarterContent/Audio/Smoke01_Cue.uasset" 547
"../../../../../../Users/Admin/Documents/Unreal Projects/ActionRPG/Content/SomeOtherStuff/StarterContent/Particles/P_Smoke.uasset" 548
"../../../../../../Users/Admin/Documents/Unreal Projects/ActionRPG/Content/SomeOtherStuff/StarterContent/Blueprints/Blueprint_Effect_Smoke.uasset" 549
"../../../../../../Users/Admin/Documents/Unreal Projects/ActionRPG/Content/SomeOtherStuff/StarterContent/Audio/Fire_Sparks01.uasset" 550
"../../../../../../Users/Admin/Documents/Unreal Projects/ActionRPG/Content/SomeOtherStuff/StarterContent/Audio/Fire_Sparks01_Cue.uasset" 551
"../../../../../../Users/Admin/Documents/Unreal Projects/ActionRPG/Content/SomeOtherStuff/StarterContent/Textures/T_Spark_Core.uasset" 552
"../../../../../../Users/Admin/Documents/Unreal Projects/ActionRPG/Content/SomeOtherStuff/StarterContent/Particles/Materials/M_Spark.uasset" 553
"../../../../../../Users/Admin/Documents/Unreal Projects/ActionRPG/Content/SomeOtherStuff/StarterContent/Particles/P_Sparks.uasset" 554
"../../../../../../Users/Admin/Documents/Unreal Projects/ActionRPG/Content/SomeOtherStuff/StarterContent/Blueprints/Blueprint_Effect_Sparks.uasset" 555
"../../../../../../Users/Admin/Documents/Unreal Projects/ActionRPG/Content/SomeOtherStuff/StarterContent/Audio/Steam01.uasset" 556
"../../../../../../Users/Admin/Documents/Unreal Projects/ActionRPG/Content/SomeOtherStuff/StarterContent/Audio/Steam01_Cue.uasset" 557
"../../../../../../Users/Admin/Documents/Unreal Projects/ActionRPG/Content/SomeOtherStuff/StarterContent/Particles/P_Steam_Lit.uasset" 558
"../../../../../../Users/Admin/Documents/Unreal Projects/ActionRPG/Content/SomeOtherStuff/StarterContent/Blueprints/Blueprint_Effect_Steam.uasset" 559
"../../../../../../Users/Admin/Documents/Unreal Projects/ActionRPG/Content/SomeOtherStuff/StarterContent/Textures/T_Lamp_M.uasset" 560
"../../../../../../Users/Admin/Documents/Unreal Projects/ActionRPG/Content/SomeOtherStuff/StarterContent/Textures/T_Lamp_N.uasset" 561
"../../../../../../Users/Admin/Documents/Unreal Projects/ActionRPG/Content/SomeOtherStuff/StarterContent/Props/Materials/M_Lamp.uasset" 562
"../../../../../../Users/Admin/Documents/Unreal Projects/ActionRPG/Content/SomeOtherStuff/StarterContent/Props/SM_Lamp_Ceiling.uasset" 563
"../../../../../../Users/Admin/Documents/Unreal Projects/ActionRPG/Content/SomeOtherStuff/StarterContent/Blueprints/Blueprint_CeilingLight.uasset" 564
"../../../../../../Users/Admin/Documents/Unreal Projects/ActionRPG/Content/SomeOtherStuff/StarterContent/Props/SM_Lamp_Wall.uasset" 565
"../../../../../../Users/Admin/Documents/Unreal Projects/ActionRPG/Content/SomeOtherStuff/StarterContent/Blueprints/Blueprint_WallSconce.uasset" 566
"../../../../../../Users/Admin/Documents/Unreal Projects/ActionRPG/Content/SomeOtherStuff/StarterContent/Maps/StarterMap_BuiltData.uasset" 567
"../../../Engine/Content/Functions/Engine_MaterialFunctions03/Procedurals/ComputeFilterWidth.uasset" 568
"../../../Engine/Content/EngineMaterials/AntiAliasedTextMaterialTranslucent.uasset" 569
"../../../../../../Users/Admin/Documents/Unreal Projects/ActionRPG/Content/SomeOtherStuff/StarterContent/Textures/T_Brick_Clay_Beveled_D.uasset" 570
"../../../../../../Users/Admin/Documents/Unreal Projects/ActionRPG/Content/SomeOtherStuff/StarterContent/Textures/T_Brick_Clay_Beveled_M.uasset" 571
"../../../../../../Users/Admin/Documents/Unreal Projects/ActionRPG/Content/SomeOtherStuff/StarterContent/Textures/T_Brick_Clay_Beveled_N.uasset" 572
"../../../../../../Users/Admin/Documents/Unreal Projects/ActionRPG/Content/SomeOtherStuff/StarterContent/Materials/M_Brick_Clay_Beveled.uasset" 573
"../../../../../../Users/Admin/Documents/Unreal Projects/ActionRPG/Content/SomeOtherStuff/StarterContent/Textures/T_Brick_Clay_New_D.uasset" 574
"../../../../../../Users/Admin/Documents/Unreal Projects/ActionRPG/Content/SomeOtherStuff/StarterContent/Textures/T_Brick_Clay_New_M.uasset" 575
"../../../../../../Users/Admin/Documents/Unreal Projects/ActionRPG/Content/SomeOtherStuff/StarterContent/Textures/T_Brick_Clay_New_N.uasset" 576
"../../../../../../Users/Admin/Documents/Unreal Projects/ActionRPG/Content/SomeOtherStuff/StarterContent/Materials/M_Brick_Clay_New.uasset" 577
"../../../../../../Users/Admin/Documents/Unreal Projects/ActionRPG/Content/SomeOtherStuff/StarterContent/Textures/T_Brick_Clay_Old_D.uasset" 578
"../../../../../../Users/Admin/Documents/Unreal Projects/ActionRPG/Content/SomeOtherStuff/StarterContent/Textures/T_Brick_Clay_Old_N.uasset" 579
"../../../../../../Users/Admin/Documents/Unreal Projects/ActionRPG/Content/SomeOtherStuff/StarterContent/Materials/M_Brick_Clay_Old.uasset" 580
"../../../../../../Users/Admin/Documents/Unreal Projects/ActionRPG/Content/SomeOtherStuff/StarterContent/Textures/T_Brick_Cut_Stone_D.uasset" 581
"../../../../../../Users/Admin/Documents/Unreal Projects/ActionRPG/Content/SomeOtherStuff/StarterContent/Textures/T_Brick_Cut_Stone_N.uasset" 582
"../../../../../../Users/Admin/Documents/Unreal Projects/ActionRPG/Content/SomeOtherStuff/StarterContent/Materials/M_Brick_Cut_Stone.uasset" 583
"../../../../../../Users/Admin/Documents/Unreal Projects/ActionRPG/Content/SomeOtherStuff/StarterContent/Textures/T_Brick_Hewn_Stone_D.uasset" 584
"../../../../../../Users/Admin/Documents/Unreal Projects/ActionRPG/Content/SomeOtherStuff/StarterContent/Textures/T_Brick_Hewn_Stone_M.uasset" 585
"../../../../../../Users/Admin/Documents/Unreal Projects/ActionRPG/Content/SomeOtherStuff/StarterContent/Textures/T_Brick_Hewn_Stone_N.uasset" 586
"../../../../../../Users/Admin/Documents/Unreal Projects/ActionRPG/Content/SomeOtherStuff/StarterContent/Materials/M_Brick_Hewn_Stone.uasset" 587
"../../../../../../Users/Admin/Documents/Unreal Projects/ActionRPG/Content/SomeOtherStuff/StarterContent/Textures/T_Ceramic_Tile_M.uasset" 588
"../../../../../../Users/Admin/Documents/Unreal Projects/ActionRPG/Content/SomeOtherStuff/StarterContent/Textures/T_Ceramic_Tile_N.uasset" 589
"../../../../../../Users/Admin/Documents/Unreal Projects/ActionRPG/Content/SomeOtherStuff/StarterContent/Textures/T_Rock_Marble_Polished_D.uasset" 590
"../../../../../../Users/Admin/Documents/Unreal Projects/ActionRPG/Content/SomeOtherStuff/StarterContent/Materials/M_Ceramic_Tile_Checker.uasset" 591
"../../../../../../Users/Admin/Documents/Unreal Projects/ActionRPG/Content/SomeOtherStuff/StarterContent/Textures/T_CobbleStone_Pebble_D.uasset" 592
"../../../../../../Users/Admin/Documents/Unreal Projects/ActionRPG/Content/SomeOtherStuff/StarterContent/Textures/T_CobbleStone_Pebble_M.uasset" 593
"../../../../../../Users/Admin/Documents/Unreal Projects/ActionRPG/Content/SomeOtherStuff/StarterContent/Textures/T_CobbleStone_Pebble_N.uasset" 594
"../../../../../../Users/Admin/Documents/Unreal Projects/ActionRPG/Content/SomeOtherStuff/StarterContent/Materials/M_CobbleStone_Pebble.uasset" 595
"../../../../../../Users/Admin/Documents/Unreal Projects/ActionRPG/Content/SomeOtherStuff/StarterContent/Textures/T_CobbleStone_Rough_D.uasset" 596
"../../../../../../Users/Admin/Documents/Unreal Projects/ActionRPG/Content/SomeOtherStuff/StarterContent/Textures/T_CobbleStone_Rough_N.uasset" 597
"../../../../../../Users/Admin/Documents/Unreal Projects/ActionRPG/Content/SomeOtherStuff/StarterContent/Textures/T_Gradinet_01.uasset" 598
"../../../../../../Users/Admin/Documents/Unreal Projects/ActionRPG/Content/SomeOtherStuff/StarterContent/Textures/T_Rock_Smooth_Granite_D.uasset" 599
"../../../../../../Users/Admin/Documents/Unreal Projects/ActionRPG/Content/SomeOtherStuff/StarterContent/Materials/M_CobbleStone_Rough.uasset" 600
"../../../../../../Users/Admin/Documents/Unreal Projects/ActionRPG/Content/SomeOtherStuff/StarterContent/Textures/T_CobbleStone_Smooth_D.uasset" 601
"../../../../../../Users/Admin/Documents/Unreal Projects/ActionRPG/Content/SomeOtherStuff/StarterContent/Textures/T_CobbleStone_Smooth_M.uasset" 602
"../../../../../../Users/Admin/Documents/Unreal Projects/ActionRPG/Content/SomeOtherStuff/StarterContent/Textures/T_CobbleStone_Smooth_N.uasset" 603
"../../../../../../Users/Admin/Documents/Unreal Projects/ActionRPG/Content/SomeOtherStuff/StarterContent/Materials/M_CobbleStone_Smooth.uasset" 604
"../../../../../../Users/Admin/Documents/Unreal Projects/ActionRPG/Content/SomeOtherStuff/StarterContent/Textures/T_Concrete_Grime_D.uasset" 605
"../../../../../../Users/Admin/Documents/Unreal Projects/ActionRPG/Content/SomeOtherStuff/StarterContent/Textures/T_Metal_Rust_N.uasset" 606
"../../../../../../Users/Admin/Documents/Unreal Projects/ActionRPG/Content/SomeOtherStuff/StarterContent/Materials/M_Concrete_Grime.uasset" 607
"../../../../../../Users/Admin/Documents/Unreal Projects/ActionRPG/Content/SomeOtherStuff/StarterContent/Textures/T_Concrete_Panels_D.uasset" 608
"../../../../../../Users/Admin/Documents/Unreal Projects/ActionRPG/Content/SomeOtherStuff/StarterContent/Textures/T_Concrete_Panels_N.uasset" 609
"../../../../../../Users/Admin/Documents/Unreal Projects/ActionRPG/Content/SomeOtherStuff/StarterContent/Materials/M_Concrete_Panels.uasset" 610
"../../../../../../Users/Admin/Documents/Unreal Projects/ActionRPG/Content/SomeOtherStuff/StarterContent/Textures/T_Concrete_Poured_D.uasset" 611
"../../../../../../Users/Admin/Documents/Unreal Projects/ActionRPG/Content/SomeOtherStuff/StarterContent/Textures/T_Concrete_Poured_N.uasset" 612
"../../../../../../Users/Admin/Documents/Unreal Projects/ActionRPG/Content/SomeOtherStuff/StarterContent/Materials/M_Concrete_Poured.uasset" 613
"../../../../../../Users/Admin/Documents/Unreal Projects/ActionRPG/Content/SomeOtherStuff/StarterContent/Textures/T_Concrete_Tiles_D.uasset" 614
"../../../../../../Users/Admin/Documents/Unreal Projects/ActionRPG/Content/SomeOtherStuff/StarterContent/Textures/T_Concrete_Tiles_M.uasset" 615
"../../../../../../Users/Admin/Documents/Unreal Projects/ActionRPG/Content/SomeOtherStuff/StarterContent/Textures/T_Concrete_Tiles_N.uasset" 616
"../../../../../../Users/Admin/Documents/Unreal Projects/ActionRPG/Content/SomeOtherStuff/StarterContent/Textures/T_Concrete_Tiles_Variation_M.uasset" 617
"../../../../../../Users/Admin/Documents/Unreal Projects/ActionRPG/Content/SomeOtherStuff/StarterContent/Materials/M_Concrete_Tiles.uasset" 618
"../../../../../../Users/Admin/Documents/Unreal Projects/ActionRPG/Content/SomeOtherStuff/StarterContent/Materials/M_Ground_Grass.uasset" 619
"../../../../../../Users/Admin/Documents/Unreal Projects/ActionRPG/Content/SomeOtherStuff/StarterContent/Materials/M_Ground_Gravel.uasset" 620
"../../../../../../Users/Admin/Documents/Unreal Projects/ActionRPG/Content/SomeOtherStuff/StarterContent/Textures/T_ground_Moss_D.uasset" 621
"../../../../../../Users/Admin/Documents/Unreal Projects/ActionRPG/Content/SomeOtherStuff/StarterContent/Textures/T_Ground_Moss_N.uasset" 622
"../../../../../../Users/Admin/Documents/Unreal Projects/ActionRPG/Content/SomeOtherStuff/StarterContent/Materials/M_Ground_Moss.uasset" 623
"../../../../../../Users/Admin/Documents/Unreal Projects/ActionRPG/Content/SomeOtherStuff/StarterContent/Materials/M_Metal_Chrome.uasset" 624
"../../../../../../Users/Admin/Documents/Unreal Projects/ActionRPG/Content/SomeOtherStuff/StarterContent/Textures/T_Metal_Gold_D.uasset" 625
"../../../../../../Users/Admin/Documents/Unreal Projects/ActionRPG/Content/SomeOtherStuff/StarterContent/Materials/M_Metal_Gold.uasset" 626
"../../../../../../Users/Admin/Documents/Unreal Projects/ActionRPG/Content/SomeOtherStuff/StarterContent/Textures/T_Metal_Rust_D.uasset" 627
"../../../../../../Users/Admin/Documents/Unreal Projects/ActionRPG/Content/SomeOtherStuff/StarterContent/Materials/M_Metal_Rust.uasset" 628
"../../../../../../Users/Admin/Documents/Unreal Projects/ActionRPG/Content/SomeOtherStuff/StarterContent/Textures/T_Metal_Steel_D.uasset" 629
"../../../../../../Users/Admin/Documents/Unreal Projects/ActionRPG/Content/SomeOtherStuff/StarterContent/Textures/T_Metal_Steel_N.uasset" 630
"../../../../../../Users/Admin/Documents/Unreal Projects/ActionRPG/Content/SomeOtherStuff/StarterContent/Materials/M_Metal_Steel.uasset" 631
"../../../../../../Users/Admin/Documents/Unreal Projects/ActionRPG/Content/SomeOtherStuff/StarterContent/Textures/T_Rock_Basalt_N.uasset" 632
"../../../../../../Users/Admin/Documents/Unreal Projects/ActionRPG/Content/SomeOtherStuff/StarterContent/Materials/M_Rock_Basalt.uasset" 633
"../../../../../../Users/Admin/Documents/Unreal Projects/ActionRPG/Content/SomeOtherStuff/StarterContent/Materials/M_Rock_Marble_Polished.uasset" 634
"../../../../../../Users/Admin/Documents/Unreal Projects/ActionRPG/Content/SomeOtherStuff/StarterContent/Materials/M_Rock_Sandstone.uasset" 635
"../../../../../../Users/Admin/Documents/Unreal Projects/ActionRPG/Content/SomeOtherStuff/StarterContent/Textures/T_Rock_Slate_D.uasset" 636
"../../../../../../Users/Admin/Documents/Unreal Projects/ActionRPG/Content/SomeOtherStuff/StarterContent/Textures/T_Rock_Slate_N.uasset" 637
"../../../../../../Users/Admin/Documents/Unreal Projects/ActionRPG/Content/SomeOtherStuff/StarterContent/Materials/M_Rock_Slate.uasset" 638
"../../../../../../Users/Admin/Documents/Unreal Projects/ActionRPG/Content/SomeOtherStuff/StarterContent/Textures/T_Checker_Noise_M.uasset" 639
"../../../../../../Users/Admin/Documents/Unreal Projects/ActionRPG/Content/SomeOtherStuff/StarterContent/Textures/T_Single_Tile_N.uasset" 640
"../../../../../../Users/Admin/Documents/Unreal Projects/ActionRPG/Content/SomeOtherStuff/StarterContent/Textures/T_Tech_Dot_M.uasset" 641
"../../../../../../Users/Admin/Documents/Unreal Projects/ActionRPG/Content/SomeOtherStuff/StarterContent/Textures/T_Tech_Dot_N.uasset" 642
"../../../../../../Users/Admin/Documents/Unreal Projects/ActionRPG/Content/SomeOtherStuff/StarterContent/Materials/M_Tech_Checker_Dot.uasset" 643
"../../../../../../Users/Admin/Documents/Unreal Projects/ActionRPG/Content/SomeOtherStuff/StarterContent/Textures/T_Tech_Hex_Tile_M.uasset" 644
"../../../../../../Users/Admin/Documents/Unreal Projects/ActionRPG/Content/SomeOtherStuff/StarterContent/Textures/T_Tech_Hex_Tile_N.uasset" 645
"../../../../../../Users/Admin/Documents/Unreal Projects/ActionRPG/Content/SomeOtherStuff/StarterContent/Materials/M_Tech_Hex_Tile.uasset" 646
"../../../../../../Users/Admin/Documents/Unreal Projects/ActionRPG/Content/SomeOtherStuff/StarterContent/Materials/M_Tech_Hex_Tile_Pulse.uasset" 647
"../../../../../../Users/Admin/Documents/Unreal Projects/ActionRPG/Content/SomeOtherStuff/StarterContent/Textures/T_Tech_Panel_M.uasset" 648
"../../../../../../Users/Admin/Documents/Unreal Projects/ActionRPG/Content/SomeOtherStuff/StarterContent/Textures/T_Tech_Panel_N.uasset" 649
"../../../../../../Users/Admin/Documents/Unreal Projects/ActionRPG/Content/SomeOtherStuff/StarterContent/Materials/M_Tech_Panel.uasset" 650
"../../../../../../Users/Admin/Documents/Unreal Projects/ActionRPG/Content/SomeOtherStuff/StarterContent/Materials/M_Water_Lake.uasset" 651
"../../../../../../Users/Admin/Documents/Unreal Projects/ActionRPG/Content/SomeOtherStuff/StarterContent/Textures/T_Water_M.uasset" 652
"../../../../../../Users/Admin/Documents/Unreal Projects/ActionRPG/Content/SomeOtherStuff/StarterContent/Materials/M_Water_Ocean.uasset" 653
"../../../Engine/Content/Functions/Engine_MaterialFunctions01/Opacity/AlphaOffset.uasset" 654
"../../../../../../Users/Admin/Documents/Unreal Projects/ActionRPG/Content/SomeOtherStuff/StarterContent/Materials/M_Wood_Floor_Walnut_Worn.uasset" 655
"../../../../../../Users/Admin/Documents/Unreal Projects/ActionRPG/Content/SomeOtherStuff/StarterContent/Textures/T_Wood_Oak_D.uasset" 656
"../../../../../../Users/Admin/Documents/Unreal Projects/ActionRPG/Content/SomeOtherStuff/StarterContent/Textures/T_Wood_Oak_N.uasset" 657
"../../../../../../Users/Admin/Documents/Unreal Projects/ActionRPG/Content/SomeOtherStuff/StarterContent/Materials/M_Wood_Oak.uasset" 658
"../../../../../../Users/Admin/Documents/Unreal Projects/ActionRPG/Content/SomeOtherStuff/StarterContent/Textures/T_Wood_Pine_D.uasset" 659
"../../../../../../Users/Admin/Documents/Unreal Projects/ActionRPG/Content/SomeOtherStuff/StarterContent/Textures/T_Wood_Pine_N.uasset" 660
"../../../../../../Users/Admin/Documents/Unreal Projects/ActionRPG/Content/SomeOtherStuff/StarterContent/Materials/M_Wood_Pine.uasset" 661
"../../../../../../Users/Admin/Documents/Unreal Projects/ActionRPG/Content/SomeOtherStuff/StarterContent/Textures/T_Wood_Walnut_D.uasset" 662
"../../../../../../Users/Admin/Documents/Unreal Projects/ActionRPG/Content/SomeOtherStuff/StarterContent/Textures/T_Wood_Walnut_N.uasset" 663
"../../../../../../Users/Admin/Documents/Unreal Projects/ActionRPG/Content/SomeOtherStuff/StarterContent/Materials/M_Wood_Walnut.uasset" 664
"../../../../../../Users/Admin/Documents/Unreal Projects/ActionRPG/Content/SomeOtherStuff/StarterContent/Architecture/Wall_400x200.uasset" 665
"../../../../../../Users/Admin/Documents/Unreal Projects/ActionRPG/Content/SomeOtherStuff/StarterContent/Architecture/Wall_Door_400x300.uasset" 666
"../../../../../../Users/Admin/Documents/Unreal Projects/ActionRPG/Content/SomeOtherStuff/StarterContent/Architecture/Wall_Window_400x300.uasset" 667
"../../../../../../Users/Admin/Documents/Unreal Projects/ActionRPG/Content/SomeOtherStuff/StarterContent/Audio/Collapse_Cue.uasset" 668
"../../../../../../Users/Admin/Documents/Unreal Projects/ActionRPG/Content/SomeOtherStuff/StarterContent/Audio/Starter_Music01.uasset" 669
"../../../../../../Users/Admin/Documents/Unreal Projects/ActionRPG/Content/SomeOtherStuff/StarterContent/Audio/Starter_Music_Cue.uasset" 670
"../../../../../../Users/Admin/Documents/Unreal Projects/ActionRPG/Content/SomeOtherStuff/StarterContent/Textures/T_Dust_Particle_D.uasset" 671
"../../../../../../Users/Admin/Documents/Unreal Projects/ActionRPG/Content/SomeOtherStuff/StarterContent/Particles/Materials/M_Dust_Particle.uasset" 672
"../../../../../../Users/Admin/Documents/Unreal Projects/ActionRPG/Content/SomeOtherStuff/StarterContent/Particles/P_Ambient_Dust.uasset" 673
"../../../../../../Users/Admin/Documents/Unreal Projects/ActionRPG/Content/SomeOtherStuff/StarterContent/Props/MaterialSphere.uasset" 674
"../../../../../../Users/Admin/Documents/Unreal Projects/ActionRPG/Content/SomeOtherStuff/StarterContent/Textures/T_Frame_M.uasset" 675
"../../../../../../Users/Admin/Documents/Unreal Projects/ActionRPG/Content/SomeOtherStuff/StarterContent/Textures/T_Frame_N.uasset" 676
"../../../../../../Users/Admin/Documents/Unreal Projects/ActionRPG/Content/SomeOtherStuff/StarterContent/Props/Materials/M_Frame.uasset" 677
"../../../../../../Users/Admin/Documents/Unreal Projects/ActionRPG/Content/SomeOtherStuff/StarterContent/Props/SM_CornerFrame.uasset" 678
"../../../../../../Users/Admin/Documents/Unreal Projects/ActionRPG/Content/SomeOtherStuff/StarterContent/Props/SM_DoorFrame.uasset" 679
"../../../../../../Users/Admin/Documents/Unreal Projects/ActionRPG/Content/SomeOtherStuff/StarterContent/Props/SM_GlassWindow.uasset" 680
"../../../../../../Users/Admin/Documents/Unreal Projects/ActionRPG/Content/SomeOtherStuff/StarterContent/Props/SM_PillarFrame.uasset" 681
"../../../../../../Users/Admin/Documents/Unreal Projects/ActionRPG/Content/SomeOtherStuff/StarterContent/Props/SM_PillarFrame300.uasset" 682
"../../../../../../Users/Admin/Documents/Unreal Projects/ActionRPG/Content/SomeOtherStuff/StarterContent/Props/SM_WindowFrame.uasset" 683
"../../../../../../Users/Admin/Documents/Unreal Projects/ActionRPG/Content/SomeOtherStuff/StarterContent/Shapes/Shape_QuadPyramid.uasset" 684
"../../../../../../Users/Admin/Documents/Unreal Projects/ActionRPG/Content/SomeOtherStuff/StarterContent/Shapes/Shape_Sphere.uasset" 685
"../../../../../../Users/Admin/Documents/Unreal Projects/ActionRPG/Content/SomeOtherStuff/StarterContent/Maps/StarterMap.umap" 686
"../../../../../../Users/Admin/Documents/Unreal Projects/ActionRPG/Content/ThirdPersonBP/Maps/ThirdPersonExampleMap_BuiltData.uasset" 687
"../../../../../../Users/Admin/Documents/Unreal Projects/ActionRPG/Content/ThirdPersonBP/Maps/ThirdPersonExampleMap.umap" 688
"../../../Engine/Content/Maps/Entry_BuiltData.uasset" 689
"../../../Engine/Content/Maps/Entry.umap" 690
